This file contains any messages produced by compilers while
running configure, to aid debugging if configure makes a mistake.

It was created by TiMidity++ configure 2.15.0, which was
generated by GNU Autoconf 2.59.  Invocation command line was

  $ ./configure --prefix=/home/aleksandar_yanev/.local

## --------- ##
## Platform. ##
## --------- ##

hostname = hala
uname -m = x86_64
uname -r = 6.12.11-1-insait
uname -s = Linux
uname -v = #1 SMP Sun Jan 26 09:59:20 UTC 2025

/usr/bin/uname -p = unknown
/bin/uname -X     = unknown

/bin/arch              = x86_64
/usr/bin/arch -k       = unknown
/usr/convex/getsysinfo = unknown
hostinfo               = unknown
/bin/machine           = unknown
/usr/bin/oslevel       = unknown
/bin/universe          = unknown

PATH: /scratch/aleksandar_yanev/micromamba/envs/hackaton/bin
PATH: /condabin
PATH: /home/aleksandar_yanev/.vscode-server/cli/servers/Stable-ddc367ed5c8936efe395cffeec279b04ffd7db78/server/bin/remote-cli
PATH: /home/aleksandar_yanev/.local/bin
PATH: /usr/local/sbin
PATH: /usr/local/bin
PATH: /usr/sbin
PATH: /usr/bin
PATH: /home/aleksandar_yanev/.vscode-server/data/User/globalStorage/github.copilot-chat/debugCommand
PATH: /home/aleksandar_yanev/.vscode-server/extensions/ms-python.debugpy-2025.4.1-linux-x64/bundled/scripts/noConfigScripts


## ----------- ##
## Core tests. ##
## ----------- ##

configure:1504: checking build system type
configure:1522: result: x86_64-unknown-linux-gnu
configure:1530: checking host system type
configure:1544: result: x86_64-unknown-linux-gnu
configure:1552: checking target system type
configure:1566: result: x86_64-unknown-linux-gnu
configure:1594: checking for a BSD-compatible install
configure:1649: result: /usr/bin/install -c
configure:1660: checking whether build environment is sane
configure:1703: result: yes
configure:1736: checking for gawk
configure:1765: result: no
configure:1736: checking for mawk
configure:1752: found /usr/bin/mawk
configure:1762: result: mawk
configure:1772: checking whether make sets $(MAKE)
configure:1792: result: yes
configure:1959: checking whether to enable maintainer-specific portions of Makefiles
configure:1968: result: no
configure:1987: checking whether grep returns status
configure:1999: result: yes
configure:2015: checking if --enable-debug option specified
configure:2039: result: no
configure:2176: checking for emacs
configure:2205: result: no
configure:2176: checking for xemacs
configure:2205: result: no
configure:2296: checking for gcc
configure:2312: found /usr/bin/gcc
configure:2322: result: gcc
configure:2566: checking for C compiler version
configure:2569: gcc --version </dev/null >&5
gcc (Debian 14.2.0-17) 14.2.0
Copyright (C) 2024 Free Software Foundation, Inc.
This is free software; see the source for copying conditions.  There is NO
warranty; not even for MERCHANTABILITY or FITNESS FOR A PARTICULAR PURPOSE.

configure:2572: $? = 0
configure:2574: gcc -v </dev/null >&5
Using built-in specs.
COLLECT_GCC=gcc
COLLECT_LTO_WRAPPER=/usr/libexec/gcc/x86_64-linux-gnu/14/lto-wrapper
OFFLOAD_TARGET_NAMES=nvptx-none:amdgcn-amdhsa
OFFLOAD_TARGET_DEFAULT=1
Target: x86_64-linux-gnu
Configured with: ../src/configure -v --with-pkgversion='Debian 14.2.0-17' --with-bugurl=file:///usr/share/doc/gcc-14/README.Bugs --enable-languages=c,ada,c++,go,d,fortran,objc,obj-c++,m2,rust --prefix=/usr --with-gcc-major-version-only --program-suffix=-14 --program-prefix=x86_64-linux-gnu- --enable-shared --enable-linker-build-id --libexecdir=/usr/libexec --without-included-gettext --enable-threads=posix --libdir=/usr/lib --enable-nls --enable-bootstrap --enable-clocale=gnu --enable-libstdcxx-debug --enable-libstdcxx-time=yes --with-default-libstdcxx-abi=new --enable-libstdcxx-backtrace --enable-gnu-unique-object --disable-vtable-verify --enable-plugin --enable-default-pie --with-system-zlib --enable-libphobos-checking=release --with-target-system-zlib=auto --enable-objc-gc=auto --enable-multiarch --disable-werror --enable-cet --with-arch-32=i686 --with-abi=m64 --with-multilib-list=m32,m64,mx32 --enable-multilib --with-tune=generic --enable-offload-targets=nvptx-none=/build/reproducible-path/gcc-14-14.2.0/debian/tmp-nvptx/usr,amdgcn-amdhsa=/build/reproducible-path/gcc-14-14.2.0/debian/tmp-gcn/usr --enable-offload-defaulted --without-cuda-driver --enable-checking=release --build=x86_64-linux-gnu --host=x86_64-linux-gnu --target=x86_64-linux-gnu --with-build-config=bootstrap-lto-lean --enable-link-serialization=3
Thread model: posix
Supported LTO compression algorithms: zlib zstd
gcc version 14.2.0 (Debian 14.2.0-17) 
configure:2577: $? = 0
configure:2579: gcc -V </dev/null >&5
gcc: error: unrecognized command-line option '-V'
gcc: fatal error: no input files
compilation terminated.
configure:2582: $? = 1
configure:2605: checking for C compiler default output file name
configure:2608: gcc  -I/home/aleksandar_yanev/.local/include  -L/home/aleksandar_yanev/.local/lib  conftest.c  >&5
configure:2611: $? = 0
configure:2657: result: a.out
configure:2662: checking whether the C compiler works
configure:2668: ./a.out
configure:2671: $? = 0
configure:2688: result: yes
configure:2695: checking whether we are cross compiling
configure:2697: result: no
configure:2700: checking for suffix of executables
configure:2702: gcc -o conftest  -I/home/aleksandar_yanev/.local/include  -L/home/aleksandar_yanev/.local/lib  conftest.c  >&5
configure:2705: $? = 0
configure:2730: result: 
configure:2736: checking for suffix of object files
configure:2757: gcc -c  -I/home/aleksandar_yanev/.local/include  conftest.c >&5
configure:2760: $? = 0
configure:2782: result: o
configure:2786: checking whether we are using the GNU C compiler
configure:2810: gcc -c  -I/home/aleksandar_yanev/.local/include  conftest.c >&5
configure:2816: $? = 0
configure:2820: test -z 
			 || test ! -s conftest.err
configure:2823: $? = 0
configure:2826: test -s conftest.o
configure:2829: $? = 0
configure:2842: result: yes
configure:2848: checking whether gcc accepts -g
configure:2869: gcc -c -g -I/home/aleksandar_yanev/.local/include  conftest.c >&5
configure:2875: $? = 0
configure:2879: test -z 
			 || test ! -s conftest.err
configure:2882: $? = 0
configure:2885: test -s conftest.o
configure:2888: $? = 0
configure:2899: result: yes
configure:2916: checking for gcc option to accept ANSI C
configure:2986: gcc  -c -g -O2 -I/home/aleksandar_yanev/.local/include  conftest.c >&5
configure:2992: $? = 0
configure:2996: test -z 
			 || test ! -s conftest.err
configure:2999: $? = 0
configure:3002: test -s conftest.o
configure:3005: $? = 0
configure:3023: result: none needed
configure:3041: gcc -c -g -O2 -I/home/aleksandar_yanev/.local/include  conftest.c >&5
conftest.c:2:3: error: unknown type name 'choke'
    2 |   choke me
      |   ^~~~~
conftest.c:2:3: error: expected '=', ',', ';', 'asm' or '__attribute__' at end of input
configure:3047: $? = 1
configure: failed program was:
| #ifndef __cplusplus
|   choke me
| #endif
configure:3191: checking for style of include used by make
configure:3219: result: GNU
configure:3247: checking dependency style of gcc
configure:3330: result: gcc3
configure:3353: checking how to run the C preprocessor
configure:3388: gcc -E -I/home/aleksandar_yanev/.local/include  conftest.c
configure:3394: $? = 0
configure:3426: gcc -E -I/home/aleksandar_yanev/.local/include  conftest.c
conftest.c:15:10: fatal error: ac_nonexistent.h: No such file or directory
   15 | #include <ac_nonexistent.h>
      |          ^~~~~~~~~~~~~~~~~~
compilation terminated.
configure:3432: $? = 1
configure: failed program was:
| /* confdefs.h.  */
| 
| #define PACKAGE_NAME "TiMidity++"
| #define PACKAGE_TARNAME "TiMidity++"
| #define PACKAGE_VERSION "2.15.0"
| #define PACKAGE_STRING "TiMidity++ 2.15.0"
| #define PACKAGE_BUGREPORT "timidity-talk@lists.sourceforge.net"
| #define PACKAGE "TiMidity++"
| #define VERSION "2.15.0"
| #define NDEBUG 1
| #define DEFAULT_PATH "/home/aleksandar_yanev/.local/share/timidity"
| #define PKGDATADIR DEFAULT_PATH
| #define PKGLIBDIR "/home/aleksandar_yanev/.local/lib/timidity"
| /* end confdefs.h.  */
| #include <ac_nonexistent.h>
configure:3471: result: gcc -E
configure:3495: gcc -E -I/home/aleksandar_yanev/.local/include  conftest.c
configure:3501: $? = 0
configure:3533: gcc -E -I/home/aleksandar_yanev/.local/include  conftest.c
conftest.c:15:10: fatal error: ac_nonexistent.h: No such file or directory
   15 | #include <ac_nonexistent.h>
      |          ^~~~~~~~~~~~~~~~~~
compilation terminated.
configure:3539: $? = 1
configure: failed program was:
| /* confdefs.h.  */
| 
| #define PACKAGE_NAME "TiMidity++"
| #define PACKAGE_TARNAME "TiMidity++"
| #define PACKAGE_VERSION "2.15.0"
| #define PACKAGE_STRING "TiMidity++ 2.15.0"
| #define PACKAGE_BUGREPORT "timidity-talk@lists.sourceforge.net"
| #define PACKAGE "TiMidity++"
| #define VERSION "2.15.0"
| #define NDEBUG 1
| #define DEFAULT_PATH "/home/aleksandar_yanev/.local/share/timidity"
| #define PKGDATADIR DEFAULT_PATH
| #define PKGLIBDIR "/home/aleksandar_yanev/.local/lib/timidity"
| /* end confdefs.h.  */
| #include <ac_nonexistent.h>
configure:3583: checking for egrep
configure:3593: result: grep -E
configure:3599: checking whether gcc needs -traditional
configure:3641: result: no
configure:3661: checking for a BSD-compatible install
configure:3716: result: /usr/bin/install -c
configure:3731: checking for gawk
configure:3757: result: mawk
configure:3808: checking for ranlib
configure:3824: found /usr/bin/ranlib
configure:3835: result: ranlib
configure:3847: checking whether ln -s works
configure:3851: result: yes
configure:3858: checking whether -rdynamic option is recognized
configure:3880: result: yes
configure:4060: checking for sqrt in -lm
configure:4090: gcc -o conftest -O2 -I/home/aleksandar_yanev/.local/include  -L/home/aleksandar_yanev/.local/lib  conftest.c -lm   >&5
conftest.c:22:6: warning: conflicting types for built-in function 'sqrt'; expected 'double(double)' [-Wbuiltin-declaration-mismatch]
   22 | char sqrt ();
      |      ^~~~
conftest.c:1:1: note: 'sqrt' is declared in header '<math.h>'
    1 | /* confdefs.h.  */
configure:4096: $? = 0
configure:4100: test -z 
			 || test ! -s conftest.err
configure:4103: $? = 0
configure:4106: test -s conftest
configure:4109: $? = 0
configure:4122: result: yes
configure:4134: checking for socket in -lsocket
configure:4164: gcc -o conftest -O2 -I/home/aleksandar_yanev/.local/include  -L/home/aleksandar_yanev/.local/lib  conftest.c -lsocket  -lm  >&5
/usr/bin/ld: cannot find -lsocket: No such file or directory
collect2: error: ld returned 1 exit status
configure:4170: $? = 1
configure: failed program was:
| /* confdefs.h.  */
| 
| #define PACKAGE_NAME "TiMidity++"
| #define PACKAGE_TARNAME "TiMidity++"
| #define PACKAGE_VERSION "2.15.0"
| #define PACKAGE_STRING "TiMidity++ 2.15.0"
| #define PACKAGE_BUGREPORT "timidity-talk@lists.sourceforge.net"
| #define PACKAGE "TiMidity++"
| #define VERSION "2.15.0"
| #define NDEBUG 1
| #define DEFAULT_PATH "/home/aleksandar_yanev/.local/share/timidity"
| #define PKGDATADIR DEFAULT_PATH
| #define PKGLIBDIR "/home/aleksandar_yanev/.local/lib/timidity"
| #define HAVE_LIBM 1
| /* end confdefs.h.  */
| 
| /* Override any gcc2 internal prototype to avoid an error.  */
| #ifdef __cplusplus
| extern "C"
| #endif
| /* We use char because int might match the return type of a gcc2
|    builtin and then its argument prototype would still apply.  */
| char socket ();
| int
| main ()
| {
| socket ();
|   ;
|   return 0;
| }
configure:4196: result: no
configure:4207: checking for dlopen in -ldl
configure:4237: gcc -o conftest -O2 -I/home/aleksandar_yanev/.local/include  -L/home/aleksandar_yanev/.local/lib  conftest.c -ldl  -lm  >&5
configure:4243: $? = 0
configure:4247: test -z 
			 || test ! -s conftest.err
configure:4250: $? = 0
configure:4253: test -s conftest
configure:4256: $? = 0
configure:4269: result: yes
configure:4275: checking for NSLinkModule in -lobjc
configure:4305: gcc -o conftest -O2 -I/home/aleksandar_yanev/.local/include  -L/home/aleksandar_yanev/.local/lib  conftest.c -lobjc  -lm  >&5
/usr/bin/ld: /tmp/ccc8Z0Dm.o: in function `main':
conftest.c:(.text.startup+0x7): undefined reference to `NSLinkModule'
collect2: error: ld returned 1 exit status
configure:4311: $? = 1
configure: failed program was:
| /* confdefs.h.  */
| 
| #define PACKAGE_NAME "TiMidity++"
| #define PACKAGE_TARNAME "TiMidity++"
| #define PACKAGE_VERSION "2.15.0"
| #define PACKAGE_STRING "TiMidity++ 2.15.0"
| #define PACKAGE_BUGREPORT "timidity-talk@lists.sourceforge.net"
| #define PACKAGE "TiMidity++"
| #define VERSION "2.15.0"
| #define NDEBUG 1
| #define DEFAULT_PATH "/home/aleksandar_yanev/.local/share/timidity"
| #define PKGDATADIR DEFAULT_PATH
| #define PKGLIBDIR "/home/aleksandar_yanev/.local/lib/timidity"
| #define HAVE_LIBM 1
| /* end confdefs.h.  */
| 
| /* Override any gcc2 internal prototype to avoid an error.  */
| #ifdef __cplusplus
| extern "C"
| #endif
| /* We use char because int might match the return type of a gcc2
|    builtin and then its argument prototype would still apply.  */
| char NSLinkModule ();
| int
| main ()
| {
| NSLinkModule ();
|   ;
|   return 0;
| }
configure:4337: result: no
configure:4345: checking for setlocale in -lxpg4
configure:4375: gcc -o conftest -O2 -I/home/aleksandar_yanev/.local/include  -L/home/aleksandar_yanev/.local/lib  conftest.c -lxpg4  -lm  >&5
/usr/bin/ld: cannot find -lxpg4: No such file or directory
collect2: error: ld returned 1 exit status
configure:4381: $? = 1
configure: failed program was:
| /* confdefs.h.  */
| 
| #define PACKAGE_NAME "TiMidity++"
| #define PACKAGE_TARNAME "TiMidity++"
| #define PACKAGE_VERSION "2.15.0"
| #define PACKAGE_STRING "TiMidity++ 2.15.0"
| #define PACKAGE_BUGREPORT "timidity-talk@lists.sourceforge.net"
| #define PACKAGE "TiMidity++"
| #define VERSION "2.15.0"
| #define NDEBUG 1
| #define DEFAULT_PATH "/home/aleksandar_yanev/.local/share/timidity"
| #define PKGDATADIR DEFAULT_PATH
| #define PKGLIBDIR "/home/aleksandar_yanev/.local/lib/timidity"
| #define HAVE_LIBM 1
| /* end confdefs.h.  */
| 
| /* Override any gcc2 internal prototype to avoid an error.  */
| #ifdef __cplusplus
| extern "C"
| #endif
| /* We use char because int might match the return type of a gcc2
|    builtin and then its argument prototype would still apply.  */
| char setlocale ();
| int
| main ()
| {
| setlocale ();
|   ;
|   return 0;
| }
configure:4407: result: no
configure:4423: checking for gethostbyname
configure:4480: gcc -o conftest -O2 -I/home/aleksandar_yanev/.local/include  -L/home/aleksandar_yanev/.local/lib  conftest.c -lm  >&5
configure:4486: $? = 0
configure:4490: test -z 
			 || test ! -s conftest.err
configure:4493: $? = 0
configure:4496: test -s conftest
configure:4499: $? = 0
configure:4511: result: yes
configure:4596: checking for X
configure:4701: gcc -E -I/home/aleksandar_yanev/.local/include  conftest.c
conftest.c:17:10: fatal error: X11/Intrinsic.h: No such file or directory
   17 | #include <X11/Intrinsic.h>
      |          ^~~~~~~~~~~~~~~~~
compilation terminated.
configure:4707: $? = 1
configure: failed program was:
| /* confdefs.h.  */
| 
| #define PACKAGE_NAME "TiMidity++"
| #define PACKAGE_TARNAME "TiMidity++"
| #define PACKAGE_VERSION "2.15.0"
| #define PACKAGE_STRING "TiMidity++ 2.15.0"
| #define PACKAGE_BUGREPORT "timidity-talk@lists.sourceforge.net"
| #define PACKAGE "TiMidity++"
| #define VERSION "2.15.0"
| #define NDEBUG 1
| #define DEFAULT_PATH "/home/aleksandar_yanev/.local/share/timidity"
| #define PKGDATADIR DEFAULT_PATH
| #define PKGLIBDIR "/home/aleksandar_yanev/.local/lib/timidity"
| #define HAVE_LIBM 1
| #define HAVE_GETHOSTBYNAME 1
| /* end confdefs.h.  */
| #include <X11/Intrinsic.h>
configure:4757: gcc -o conftest -O2 -I/home/aleksandar_yanev/.local/include  -L/home/aleksandar_yanev/.local/lib  conftest.c -lXt -lm  >&5
conftest.c:17:10: fatal error: X11/Intrinsic.h: No such file or directory
   17 | #include <X11/Intrinsic.h>
      |          ^~~~~~~~~~~~~~~~~
compilation terminated.
configure:4763: $? = 1
configure: failed program was:
| /* confdefs.h.  */
| 
| #define PACKAGE_NAME "TiMidity++"
| #define PACKAGE_TARNAME "TiMidity++"
| #define PACKAGE_VERSION "2.15.0"
| #define PACKAGE_STRING "TiMidity++ 2.15.0"
| #define PACKAGE_BUGREPORT "timidity-talk@lists.sourceforge.net"
| #define PACKAGE "TiMidity++"
| #define VERSION "2.15.0"
| #define NDEBUG 1
| #define DEFAULT_PATH "/home/aleksandar_yanev/.local/share/timidity"
| #define PKGDATADIR DEFAULT_PATH
| #define PKGLIBDIR "/home/aleksandar_yanev/.local/lib/timidity"
| #define HAVE_LIBM 1
| #define HAVE_GETHOSTBYNAME 1
| /* end confdefs.h.  */
| #include <X11/Intrinsic.h>
| int
| main ()
| {
| XtMalloc (0)
|   ;
|   return 0;
| }
configure:4816: result: no
configure:6008: WARNING: Could not configure X
configure:7625: checking for ANSI C header files
configure:7650: gcc -c -O2 -I/home/aleksandar_yanev/.local/include  conftest.c >&5
configure:7656: $? = 0
configure:7660: test -z 
			 || test ! -s conftest.err
configure:7663: $? = 0
configure:7666: test -s conftest.o
configure:7669: $? = 0
configure:7758: gcc -o conftest -O2 -I/home/aleksandar_yanev/.local/include  -L/home/aleksandar_yanev/.local/lib  conftest.c -lm  >&5
conftest.c: In function 'main':
conftest.c:35:7: error: implicit declaration of function 'exit' [-Wimplicit-function-declaration]
   35 |       exit(2);
      |       ^~~~
conftest.c:19:1: note: include '<stdlib.h>' or provide a declaration of 'exit'
   18 | #include <ctype.h>
  +++ |+#include <stdlib.h>
   19 | #if ((' ' & 0x0FF) == 0x020)
conftest.c:35:7: warning: incompatible implicit declaration of built-in function 'exit' [-Wbuiltin-declaration-mismatch]
   35 |       exit(2);
      |       ^~~~
conftest.c:35:7: note: include '<stdlib.h>' or provide a declaration of 'exit'
conftest.c:36:3: warning: incompatible implicit declaration of built-in function 'exit' [-Wbuiltin-declaration-mismatch]
   36 |   exit (0);
      |   ^~~~
conftest.c:36:3: note: include '<stdlib.h>' or provide a declaration of 'exit'
configure:7761: $? = 1
configure: program exited with status 1
configure: failed program was:
| /* confdefs.h.  */
| 
| #define PACKAGE_NAME "TiMidity++"
| #define PACKAGE_TARNAME "TiMidity++"
| #define PACKAGE_VERSION "2.15.0"
| #define PACKAGE_STRING "TiMidity++ 2.15.0"
| #define PACKAGE_BUGREPORT "timidity-talk@lists.sourceforge.net"
| #define PACKAGE "TiMidity++"
| #define VERSION "2.15.0"
| #define NDEBUG 1
| #define DEFAULT_PATH "/home/aleksandar_yanev/.local/share/timidity"
| #define PKGDATADIR DEFAULT_PATH
| #define PKGLIBDIR "/home/aleksandar_yanev/.local/lib/timidity"
| #define HAVE_LIBM 1
| #define HAVE_GETHOSTBYNAME 1
| #define X_DISPLAY_MISSING 1
| /* end confdefs.h.  */
| #include <ctype.h>
| #if ((' ' & 0x0FF) == 0x020)
| # define ISLOWER(c) ('a' <= (c) && (c) <= 'z')
| # define TOUPPER(c) (ISLOWER(c) ? 'A' + ((c) - 'a') : (c))
| #else
| # define ISLOWER(c) 		   (('a' <= (c) && (c) <= 'i') 		     || ('j' <= (c) && (c) <= 'r') 		     || ('s' <= (c) && (c) <= 'z'))
| # define TOUPPER(c) (ISLOWER(c) ? ((c) | 0x40) : (c))
| #endif
| 
| #define XOR(e, f) (((e) && !(f)) || (!(e) && (f)))
| int
| main ()
| {
|   int i;
|   for (i = 0; i < 256; i++)
|     if (XOR (islower (i), ISLOWER (i))
| 	|| toupper (i) != TOUPPER (i))
|       exit(2);
|   exit (0);
| }
configure:7781: result: no
configure:7792: checking for sys/wait.h that is POSIX.1 compatible
configure:7823: gcc -c -O2 -I/home/aleksandar_yanev/.local/include  conftest.c >&5
configure:7829: $? = 0
configure:7833: test -z 
			 || test ! -s conftest.err
configure:7836: $? = 0
configure:7839: test -s conftest.o
configure:7842: $? = 0
configure:7853: result: yes
configure:7864: checking whether time.h and sys/time.h may both be included
configure:7889: gcc -c -O2 -I/home/aleksandar_yanev/.local/include  conftest.c >&5
configure:7895: $? = 0
configure:7899: test -z 
			 || test ! -s conftest.err
configure:7902: $? = 0
configure:7905: test -s conftest.o
configure:7908: $? = 0
configure:7919: result: yes
configure:7938: checking for dirent.h that defines DIR
configure:7962: gcc -c -O2 -I/home/aleksandar_yanev/.local/include  conftest.c >&5
configure:7968: $? = 0
configure:7972: test -z 
			 || test ! -s conftest.err
configure:7975: $? = 0
configure:7978: test -s conftest.o
configure:7981: $? = 0
configure:7992: result: yes
configure:8005: checking for library containing opendir
configure:8035: gcc -o conftest -O2 -I/home/aleksandar_yanev/.local/include  -L/home/aleksandar_yanev/.local/lib  conftest.c -lm  >&5
configure:8041: $? = 0
configure:8045: test -z 
			 || test ! -s conftest.err
configure:8048: $? = 0
configure:8051: test -s conftest
configure:8054: $? = 0
configure:8124: result: none required
configure:8349: checking arpa/inet.h usability
configure:8361: gcc -c -O2 -I/home/aleksandar_yanev/.local/include  conftest.c >&5
configure:8367: $? = 0
configure:8371: test -z 
			 || test ! -s conftest.err
configure:8374: $? = 0
configure:8377: test -s conftest.o
configure:8380: $? = 0
configure:8390: result: yes
configure:8394: checking arpa/inet.h presence
configure:8404: gcc -E -I/home/aleksandar_yanev/.local/include  conftest.c
configure:8410: $? = 0
configure:8430: result: yes
configure:8465: checking for arpa/inet.h
configure:8472: result: yes
configure:8349: checking errno.h usability
configure:8361: gcc -c -O2 -I/home/aleksandar_yanev/.local/include  conftest.c >&5
configure:8367: $? = 0
configure:8371: test -z 
			 || test ! -s conftest.err
configure:8374: $? = 0
configure:8377: test -s conftest.o
configure:8380: $? = 0
configure:8390: result: yes
configure:8394: checking errno.h presence
configure:8404: gcc -E -I/home/aleksandar_yanev/.local/include  conftest.c
configure:8410: $? = 0
configure:8430: result: yes
configure:8465: checking for errno.h
configure:8472: result: yes
configure:8349: checking getopt.h usability
configure:8361: gcc -c -O2 -I/home/aleksandar_yanev/.local/include  conftest.c >&5
configure:8367: $? = 0
configure:8371: test -z 
			 || test ! -s conftest.err
configure:8374: $? = 0
configure:8377: test -s conftest.o
configure:8380: $? = 0
configure:8390: result: yes
configure:8394: checking getopt.h presence
configure:8404: gcc -E -I/home/aleksandar_yanev/.local/include  conftest.c
configure:8410: $? = 0
configure:8430: result: yes
configure:8465: checking for getopt.h
configure:8472: result: yes
configure:8349: checking glob.h usability
configure:8361: gcc -c -O2 -I/home/aleksandar_yanev/.local/include  conftest.c >&5
configure:8367: $? = 0
configure:8371: test -z 
			 || test ! -s conftest.err
configure:8374: $? = 0
configure:8377: test -s conftest.o
configure:8380: $? = 0
configure:8390: result: yes
configure:8394: checking glob.h presence
configure:8404: gcc -E -I/home/aleksandar_yanev/.local/include  conftest.c
configure:8410: $? = 0
configure:8430: result: yes
configure:8465: checking for glob.h
configure:8472: result: yes
configure:8349: checking dlfcn.h usability
configure:8361: gcc -c -O2 -I/home/aleksandar_yanev/.local/include  conftest.c >&5
configure:8367: $? = 0
configure:8371: test -z 
			 || test ! -s conftest.err
configure:8374: $? = 0
configure:8377: test -s conftest.o
configure:8380: $? = 0
configure:8390: result: yes
configure:8394: checking dlfcn.h presence
configure:8404: gcc -E -I/home/aleksandar_yanev/.local/include  conftest.c
configure:8410: $? = 0
configure:8430: result: yes
configure:8465: checking for dlfcn.h
configure:8472: result: yes
configure:8349: checking fcntl.h usability
configure:8361: gcc -c -O2 -I/home/aleksandar_yanev/.local/include  conftest.c >&5
configure:8367: $? = 0
configure:8371: test -z 
			 || test ! -s conftest.err
configure:8374: $? = 0
configure:8377: test -s conftest.o
configure:8380: $? = 0
configure:8390: result: yes
configure:8394: checking fcntl.h presence
configure:8404: gcc -E -I/home/aleksandar_yanev/.local/include  conftest.c
configure:8410: $? = 0
configure:8430: result: yes
configure:8465: checking for fcntl.h
configure:8472: result: yes
configure:8349: checking inttypes.h usability
configure:8361: gcc -c -O2 -I/home/aleksandar_yanev/.local/include  conftest.c >&5
configure:8367: $? = 0
configure:8371: test -z 
			 || test ! -s conftest.err
configure:8374: $? = 0
configure:8377: test -s conftest.o
configure:8380: $? = 0
configure:8390: result: yes
configure:8394: checking inttypes.h presence
configure:8404: gcc -E -I/home/aleksandar_yanev/.local/include  conftest.c
configure:8410: $? = 0
configure:8430: result: yes
configure:8465: checking for inttypes.h
configure:8472: result: yes
configure:8349: checking limits.h usability
configure:8361: gcc -c -O2 -I/home/aleksandar_yanev/.local/include  conftest.c >&5
configure:8367: $? = 0
configure:8371: test -z 
			 || test ! -s conftest.err
configure:8374: $? = 0
configure:8377: test -s conftest.o
configure:8380: $? = 0
configure:8390: result: yes
configure:8394: checking limits.h presence
configure:8404: gcc -E -I/home/aleksandar_yanev/.local/include  conftest.c
configure:8410: $? = 0
configure:8430: result: yes
configure:8465: checking for limits.h
configure:8472: result: yes
configure:8349: checking machine/endian.h usability
configure:8361: gcc -c -O2 -I/home/aleksandar_yanev/.local/include  conftest.c >&5
conftest.c:63:10: fatal error: machine/endian.h: No such file or directory
   63 | #include <machine/endian.h>
      |          ^~~~~~~~~~~~~~~~~~
compilation terminated.
configure:8367: $? = 1
configure: failed program was:
| /* confdefs.h.  */
| 
| #define PACKAGE_NAME "TiMidity++"
| #define PACKAGE_TARNAME "TiMidity++"
| #define PACKAGE_VERSION "2.15.0"
| #define PACKAGE_STRING "TiMidity++ 2.15.0"
| #define PACKAGE_BUGREPORT "timidity-talk@lists.sourceforge.net"
| #define PACKAGE "TiMidity++"
| #define VERSION "2.15.0"
| #define NDEBUG 1
| #define DEFAULT_PATH "/home/aleksandar_yanev/.local/share/timidity"
| #define PKGDATADIR DEFAULT_PATH
| #define PKGLIBDIR "/home/aleksandar_yanev/.local/lib/timidity"
| #define HAVE_LIBM 1
| #define HAVE_GETHOSTBYNAME 1
| #define X_DISPLAY_MISSING 1
| #define HAVE_SYS_WAIT_H 1
| #define TIME_WITH_SYS_TIME 1
| #define HAVE_DIRENT_H 1
| #define HAVE_ARPA_INET_H 1
| #define HAVE_ERRNO_H 1
| #define HAVE_GETOPT_H 1
| #define HAVE_GLOB_H 1
| #define HAVE_DLFCN_H 1
| #define HAVE_FCNTL_H 1
| #define HAVE_INTTYPES_H 1
| #define HAVE_LIMITS_H 1
| /* end confdefs.h.  */
| #include <stdio.h>
| #if HAVE_SYS_TYPES_H
| # include <sys/types.h>
| #endif
| #if HAVE_SYS_STAT_H
| # include <sys/stat.h>
| #endif
| #if STDC_HEADERS
| # include <stdlib.h>
| # include <stddef.h>
| #else
| # if HAVE_STDLIB_H
| #  include <stdlib.h>
| # endif
| #endif
| #if HAVE_STRING_H
| # if !STDC_HEADERS && HAVE_MEMORY_H
| #  include <memory.h>
| # endif
| # include <string.h>
| #endif
| #if HAVE_STRINGS_H
| # include <strings.h>
| #endif
| #if HAVE_INTTYPES_H
| # include <inttypes.h>
| #else
| # if HAVE_STDINT_H
| #  include <stdint.h>
| # endif
| #endif
| #if HAVE_UNISTD_H
| # include <unistd.h>
| #endif
| #include <machine/endian.h>
configure:8390: result: no
configure:8394: checking machine/endian.h presence
configure:8404: gcc -E -I/home/aleksandar_yanev/.local/include  conftest.c
conftest.c:29:10: fatal error: machine/endian.h: No such file or directory
   29 | #include <machine/endian.h>
      |          ^~~~~~~~~~~~~~~~~~
compilation terminated.
configure:8410: $? = 1
configure: failed program was:
| /* confdefs.h.  */
| 
| #define PACKAGE_NAME "TiMidity++"
| #define PACKAGE_TARNAME "TiMidity++"
| #define PACKAGE_VERSION "2.15.0"
| #define PACKAGE_STRING "TiMidity++ 2.15.0"
| #define PACKAGE_BUGREPORT "timidity-talk@lists.sourceforge.net"
| #define PACKAGE "TiMidity++"
| #define VERSION "2.15.0"
| #define NDEBUG 1
| #define DEFAULT_PATH "/home/aleksandar_yanev/.local/share/timidity"
| #define PKGDATADIR DEFAULT_PATH
| #define PKGLIBDIR "/home/aleksandar_yanev/.local/lib/timidity"
| #define HAVE_LIBM 1
| #define HAVE_GETHOSTBYNAME 1
| #define X_DISPLAY_MISSING 1
| #define HAVE_SYS_WAIT_H 1
| #define TIME_WITH_SYS_TIME 1
| #define HAVE_DIRENT_H 1
| #define HAVE_ARPA_INET_H 1
| #define HAVE_ERRNO_H 1
| #define HAVE_GETOPT_H 1
| #define HAVE_GLOB_H 1
| #define HAVE_DLFCN_H 1
| #define HAVE_FCNTL_H 1
| #define HAVE_INTTYPES_H 1
| #define HAVE_LIMITS_H 1
| /* end confdefs.h.  */
| #include <machine/endian.h>
configure:8430: result: no
configure:8465: checking for machine/endian.h
configure:8472: result: no
configure:8349: checking malloc.h usability
configure:8361: gcc -c -O2 -I/home/aleksandar_yanev/.local/include  conftest.c >&5
configure:8367: $? = 0
configure:8371: test -z 
			 || test ! -s conftest.err
configure:8374: $? = 0
configure:8377: test -s conftest.o
configure:8380: $? = 0
configure:8390: result: yes
configure:8394: checking malloc.h presence
configure:8404: gcc -E -I/home/aleksandar_yanev/.local/include  conftest.c
configure:8410: $? = 0
configure:8430: result: yes
configure:8465: checking for malloc.h
configure:8472: result: yes
configure:8349: checking memory.h usability
configure:8361: gcc -c -O2 -I/home/aleksandar_yanev/.local/include  conftest.c >&5
configure:8367: $? = 0
configure:8371: test -z 
			 || test ! -s conftest.err
configure:8374: $? = 0
configure:8377: test -s conftest.o
configure:8380: $? = 0
configure:8390: result: yes
configure:8394: checking memory.h presence
configure:8404: gcc -E -I/home/aleksandar_yanev/.local/include  conftest.c
configure:8410: $? = 0
configure:8430: result: yes
configure:8465: checking for memory.h
configure:8472: result: yes
configure:8349: checking netdb.h usability
configure:8361: gcc -c -O2 -I/home/aleksandar_yanev/.local/include  conftest.c >&5
configure:8367: $? = 0
configure:8371: test -z 
			 || test ! -s conftest.err
configure:8374: $? = 0
configure:8377: test -s conftest.o
configure:8380: $? = 0
configure:8390: result: yes
configure:8394: checking netdb.h presence
configure:8404: gcc -E -I/home/aleksandar_yanev/.local/include  conftest.c
configure:8410: $? = 0
configure:8430: result: yes
configure:8465: checking for netdb.h
configure:8472: result: yes
configure:8349: checking netinet/in.h usability
configure:8361: gcc -c -O2 -I/home/aleksandar_yanev/.local/include  conftest.c >&5
configure:8367: $? = 0
configure:8371: test -z 
			 || test ! -s conftest.err
configure:8374: $? = 0
configure:8377: test -s conftest.o
configure:8380: $? = 0
configure:8390: result: yes
configure:8394: checking netinet/in.h presence
configure:8404: gcc -E -I/home/aleksandar_yanev/.local/include  conftest.c
configure:8410: $? = 0
configure:8430: result: yes
configure:8465: checking for netinet/in.h
configure:8472: result: yes
configure:8349: checking nlist.h usability
configure:8361: gcc -c -O2 -I/home/aleksandar_yanev/.local/include  conftest.c >&5
conftest.c:67:10: fatal error: nlist.h: No such file or directory
   67 | #include <nlist.h>
      |          ^~~~~~~~~
compilation terminated.
configure:8367: $? = 1
configure: failed program was:
| /* confdefs.h.  */
| 
| #define PACKAGE_NAME "TiMidity++"
| #define PACKAGE_TARNAME "TiMidity++"
| #define PACKAGE_VERSION "2.15.0"
| #define PACKAGE_STRING "TiMidity++ 2.15.0"
| #define PACKAGE_BUGREPORT "timidity-talk@lists.sourceforge.net"
| #define PACKAGE "TiMidity++"
| #define VERSION "2.15.0"
| #define NDEBUG 1
| #define DEFAULT_PATH "/home/aleksandar_yanev/.local/share/timidity"
| #define PKGDATADIR DEFAULT_PATH
| #define PKGLIBDIR "/home/aleksandar_yanev/.local/lib/timidity"
| #define HAVE_LIBM 1
| #define HAVE_GETHOSTBYNAME 1
| #define X_DISPLAY_MISSING 1
| #define HAVE_SYS_WAIT_H 1
| #define TIME_WITH_SYS_TIME 1
| #define HAVE_DIRENT_H 1
| #define HAVE_ARPA_INET_H 1
| #define HAVE_ERRNO_H 1
| #define HAVE_GETOPT_H 1
| #define HAVE_GLOB_H 1
| #define HAVE_DLFCN_H 1
| #define HAVE_FCNTL_H 1
| #define HAVE_INTTYPES_H 1
| #define HAVE_LIMITS_H 1
| #define HAVE_MALLOC_H 1
| #define HAVE_MEMORY_H 1
| #define HAVE_NETDB_H 1
| #define HAVE_NETINET_IN_H 1
| /* end confdefs.h.  */
| #include <stdio.h>
| #if HAVE_SYS_TYPES_H
| # include <sys/types.h>
| #endif
| #if HAVE_SYS_STAT_H
| # include <sys/stat.h>
| #endif
| #if STDC_HEADERS
| # include <stdlib.h>
| # include <stddef.h>
| #else
| # if HAVE_STDLIB_H
| #  include <stdlib.h>
| # endif
| #endif
| #if HAVE_STRING_H
| # if !STDC_HEADERS && HAVE_MEMORY_H
| #  include <memory.h>
| # endif
| # include <string.h>
| #endif
| #if HAVE_STRINGS_H
| # include <strings.h>
| #endif
| #if HAVE_INTTYPES_H
| # include <inttypes.h>
| #else
| # if HAVE_STDINT_H
| #  include <stdint.h>
| # endif
| #endif
| #if HAVE_UNISTD_H
| # include <unistd.h>
| #endif
| #include <nlist.h>
configure:8390: result: no
configure:8394: checking nlist.h presence
configure:8404: gcc -E -I/home/aleksandar_yanev/.local/include  conftest.c
conftest.c:33:10: fatal error: nlist.h: No such file or directory
   33 | #include <nlist.h>
      |          ^~~~~~~~~
compilation terminated.
configure:8410: $? = 1
configure: failed program was:
| /* confdefs.h.  */
| 
| #define PACKAGE_NAME "TiMidity++"
| #define PACKAGE_TARNAME "TiMidity++"
| #define PACKAGE_VERSION "2.15.0"
| #define PACKAGE_STRING "TiMidity++ 2.15.0"
| #define PACKAGE_BUGREPORT "timidity-talk@lists.sourceforge.net"
| #define PACKAGE "TiMidity++"
| #define VERSION "2.15.0"
| #define NDEBUG 1
| #define DEFAULT_PATH "/home/aleksandar_yanev/.local/share/timidity"
| #define PKGDATADIR DEFAULT_PATH
| #define PKGLIBDIR "/home/aleksandar_yanev/.local/lib/timidity"
| #define HAVE_LIBM 1
| #define HAVE_GETHOSTBYNAME 1
| #define X_DISPLAY_MISSING 1
| #define HAVE_SYS_WAIT_H 1
| #define TIME_WITH_SYS_TIME 1
| #define HAVE_DIRENT_H 1
| #define HAVE_ARPA_INET_H 1
| #define HAVE_ERRNO_H 1
| #define HAVE_GETOPT_H 1
| #define HAVE_GLOB_H 1
| #define HAVE_DLFCN_H 1
| #define HAVE_FCNTL_H 1
| #define HAVE_INTTYPES_H 1
| #define HAVE_LIMITS_H 1
| #define HAVE_MALLOC_H 1
| #define HAVE_MEMORY_H 1
| #define HAVE_NETDB_H 1
| #define HAVE_NETINET_IN_H 1
| /* end confdefs.h.  */
| #include <nlist.h>
configure:8430: result: no
configure:8465: checking for nlist.h
configure:8472: result: no
configure:8349: checking stddef.h usability
configure:8361: gcc -c -O2 -I/home/aleksandar_yanev/.local/include  conftest.c >&5
configure:8367: $? = 0
configure:8371: test -z 
			 || test ! -s conftest.err
configure:8374: $? = 0
configure:8377: test -s conftest.o
configure:8380: $? = 0
configure:8390: result: yes
configure:8394: checking stddef.h presence
configure:8404: gcc -E -I/home/aleksandar_yanev/.local/include  conftest.c
configure:8410: $? = 0
configure:8430: result: yes
configure:8465: checking for stddef.h
configure:8472: result: yes
configure:8349: checking stdlib.h usability
configure:8361: gcc -c -O2 -I/home/aleksandar_yanev/.local/include  conftest.c >&5
configure:8367: $? = 0
configure:8371: test -z 
			 || test ! -s conftest.err
configure:8374: $? = 0
configure:8377: test -s conftest.o
configure:8380: $? = 0
configure:8390: result: yes
configure:8394: checking stdlib.h presence
configure:8404: gcc -E -I/home/aleksandar_yanev/.local/include  conftest.c
configure:8410: $? = 0
configure:8430: result: yes
configure:8465: checking for stdlib.h
configure:8472: result: yes
configure:8349: checking stdint.h usability
configure:8361: gcc -c -O2 -I/home/aleksandar_yanev/.local/include  conftest.c >&5
configure:8367: $? = 0
configure:8371: test -z 
			 || test ! -s conftest.err
configure:8374: $? = 0
configure:8377: test -s conftest.o
configure:8380: $? = 0
configure:8390: result: yes
configure:8394: checking stdint.h presence
configure:8404: gcc -E -I/home/aleksandar_yanev/.local/include  conftest.c
configure:8410: $? = 0
configure:8430: result: yes
configure:8465: checking for stdint.h
configure:8472: result: yes
configure:8349: checking string.h usability
configure:8361: gcc -c -O2 -I/home/aleksandar_yanev/.local/include  conftest.c >&5
configure:8367: $? = 0
configure:8371: test -z 
			 || test ! -s conftest.err
configure:8374: $? = 0
configure:8377: test -s conftest.o
configure:8380: $? = 0
configure:8390: result: yes
configure:8394: checking string.h presence
configure:8404: gcc -E -I/home/aleksandar_yanev/.local/include  conftest.c
configure:8410: $? = 0
configure:8430: result: yes
configure:8465: checking for string.h
configure:8472: result: yes
configure:8349: checking strings.h usability
configure:8361: gcc -c -O2 -I/home/aleksandar_yanev/.local/include  conftest.c >&5
configure:8367: $? = 0
configure:8371: test -z 
			 || test ! -s conftest.err
configure:8374: $? = 0
configure:8377: test -s conftest.o
configure:8380: $? = 0
configure:8390: result: yes
configure:8394: checking strings.h presence
configure:8404: gcc -E -I/home/aleksandar_yanev/.local/include  conftest.c
configure:8410: $? = 0
configure:8430: result: yes
configure:8465: checking for strings.h
configure:8472: result: yes
configure:8349: checking stropts.h usability
configure:8361: gcc -c -O2 -I/home/aleksandar_yanev/.local/include  conftest.c >&5
conftest.c:72:10: fatal error: stropts.h: No such file or directory
   72 | #include <stropts.h>
      |          ^~~~~~~~~~~
compilation terminated.
configure:8367: $? = 1
configure: failed program was:
| /* confdefs.h.  */
| 
| #define PACKAGE_NAME "TiMidity++"
| #define PACKAGE_TARNAME "TiMidity++"
| #define PACKAGE_VERSION "2.15.0"
| #define PACKAGE_STRING "TiMidity++ 2.15.0"
| #define PACKAGE_BUGREPORT "timidity-talk@lists.sourceforge.net"
| #define PACKAGE "TiMidity++"
| #define VERSION "2.15.0"
| #define NDEBUG 1
| #define DEFAULT_PATH "/home/aleksandar_yanev/.local/share/timidity"
| #define PKGDATADIR DEFAULT_PATH
| #define PKGLIBDIR "/home/aleksandar_yanev/.local/lib/timidity"
| #define HAVE_LIBM 1
| #define HAVE_GETHOSTBYNAME 1
| #define X_DISPLAY_MISSING 1
| #define HAVE_SYS_WAIT_H 1
| #define TIME_WITH_SYS_TIME 1
| #define HAVE_DIRENT_H 1
| #define HAVE_ARPA_INET_H 1
| #define HAVE_ERRNO_H 1
| #define HAVE_GETOPT_H 1
| #define HAVE_GLOB_H 1
| #define HAVE_DLFCN_H 1
| #define HAVE_FCNTL_H 1
| #define HAVE_INTTYPES_H 1
| #define HAVE_LIMITS_H 1
| #define HAVE_MALLOC_H 1
| #define HAVE_MEMORY_H 1
| #define HAVE_NETDB_H 1
| #define HAVE_NETINET_IN_H 1
| #define HAVE_STDDEF_H 1
| #define HAVE_STDLIB_H 1
| #define HAVE_STDINT_H 1
| #define HAVE_STRING_H 1
| #define HAVE_STRINGS_H 1
| /* end confdefs.h.  */
| #include <stdio.h>
| #if HAVE_SYS_TYPES_H
| # include <sys/types.h>
| #endif
| #if HAVE_SYS_STAT_H
| # include <sys/stat.h>
| #endif
| #if STDC_HEADERS
| # include <stdlib.h>
| # include <stddef.h>
| #else
| # if HAVE_STDLIB_H
| #  include <stdlib.h>
| # endif
| #endif
| #if HAVE_STRING_H
| # if !STDC_HEADERS && HAVE_MEMORY_H
| #  include <memory.h>
| # endif
| # include <string.h>
| #endif
| #if HAVE_STRINGS_H
| # include <strings.h>
| #endif
| #if HAVE_INTTYPES_H
| # include <inttypes.h>
| #else
| # if HAVE_STDINT_H
| #  include <stdint.h>
| # endif
| #endif
| #if HAVE_UNISTD_H
| # include <unistd.h>
| #endif
| #include <stropts.h>
configure:8390: result: no
configure:8394: checking stropts.h presence
configure:8404: gcc -E -I/home/aleksandar_yanev/.local/include  conftest.c
conftest.c:38:10: fatal error: stropts.h: No such file or directory
   38 | #include <stropts.h>
      |          ^~~~~~~~~~~
compilation terminated.
configure:8410: $? = 1
configure: failed program was:
| /* confdefs.h.  */
| 
| #define PACKAGE_NAME "TiMidity++"
| #define PACKAGE_TARNAME "TiMidity++"
| #define PACKAGE_VERSION "2.15.0"
| #define PACKAGE_STRING "TiMidity++ 2.15.0"
| #define PACKAGE_BUGREPORT "timidity-talk@lists.sourceforge.net"
| #define PACKAGE "TiMidity++"
| #define VERSION "2.15.0"
| #define NDEBUG 1
| #define DEFAULT_PATH "/home/aleksandar_yanev/.local/share/timidity"
| #define PKGDATADIR DEFAULT_PATH
| #define PKGLIBDIR "/home/aleksandar_yanev/.local/lib/timidity"
| #define HAVE_LIBM 1
| #define HAVE_GETHOSTBYNAME 1
| #define X_DISPLAY_MISSING 1
| #define HAVE_SYS_WAIT_H 1
| #define TIME_WITH_SYS_TIME 1
| #define HAVE_DIRENT_H 1
| #define HAVE_ARPA_INET_H 1
| #define HAVE_ERRNO_H 1
| #define HAVE_GETOPT_H 1
| #define HAVE_GLOB_H 1
| #define HAVE_DLFCN_H 1
| #define HAVE_FCNTL_H 1
| #define HAVE_INTTYPES_H 1
| #define HAVE_LIMITS_H 1
| #define HAVE_MALLOC_H 1
| #define HAVE_MEMORY_H 1
| #define HAVE_NETDB_H 1
| #define HAVE_NETINET_IN_H 1
| #define HAVE_STDDEF_H 1
| #define HAVE_STDLIB_H 1
| #define HAVE_STDINT_H 1
| #define HAVE_STRING_H 1
| #define HAVE_STRINGS_H 1
| /* end confdefs.h.  */
| #include <stropts.h>
configure:8430: result: no
configure:8465: checking for stropts.h
configure:8472: result: no
configure:8349: checking soundcard.h usability
configure:8361: gcc -c -O2 -I/home/aleksandar_yanev/.local/include  conftest.c >&5
conftest.c:72:10: fatal error: soundcard.h: No such file or directory
   72 | #include <soundcard.h>
      |          ^~~~~~~~~~~~~
compilation terminated.
configure:8367: $? = 1
configure: failed program was:
| /* confdefs.h.  */
| 
| #define PACKAGE_NAME "TiMidity++"
| #define PACKAGE_TARNAME "TiMidity++"
| #define PACKAGE_VERSION "2.15.0"
| #define PACKAGE_STRING "TiMidity++ 2.15.0"
| #define PACKAGE_BUGREPORT "timidity-talk@lists.sourceforge.net"
| #define PACKAGE "TiMidity++"
| #define VERSION "2.15.0"
| #define NDEBUG 1
| #define DEFAULT_PATH "/home/aleksandar_yanev/.local/share/timidity"
| #define PKGDATADIR DEFAULT_PATH
| #define PKGLIBDIR "/home/aleksandar_yanev/.local/lib/timidity"
| #define HAVE_LIBM 1
| #define HAVE_GETHOSTBYNAME 1
| #define X_DISPLAY_MISSING 1
| #define HAVE_SYS_WAIT_H 1
| #define TIME_WITH_SYS_TIME 1
| #define HAVE_DIRENT_H 1
| #define HAVE_ARPA_INET_H 1
| #define HAVE_ERRNO_H 1
| #define HAVE_GETOPT_H 1
| #define HAVE_GLOB_H 1
| #define HAVE_DLFCN_H 1
| #define HAVE_FCNTL_H 1
| #define HAVE_INTTYPES_H 1
| #define HAVE_LIMITS_H 1
| #define HAVE_MALLOC_H 1
| #define HAVE_MEMORY_H 1
| #define HAVE_NETDB_H 1
| #define HAVE_NETINET_IN_H 1
| #define HAVE_STDDEF_H 1
| #define HAVE_STDLIB_H 1
| #define HAVE_STDINT_H 1
| #define HAVE_STRING_H 1
| #define HAVE_STRINGS_H 1
| /* end confdefs.h.  */
| #include <stdio.h>
| #if HAVE_SYS_TYPES_H
| # include <sys/types.h>
| #endif
| #if HAVE_SYS_STAT_H
| # include <sys/stat.h>
| #endif
| #if STDC_HEADERS
| # include <stdlib.h>
| # include <stddef.h>
| #else
| # if HAVE_STDLIB_H
| #  include <stdlib.h>
| # endif
| #endif
| #if HAVE_STRING_H
| # if !STDC_HEADERS && HAVE_MEMORY_H
| #  include <memory.h>
| # endif
| # include <string.h>
| #endif
| #if HAVE_STRINGS_H
| # include <strings.h>
| #endif
| #if HAVE_INTTYPES_H
| # include <inttypes.h>
| #else
| # if HAVE_STDINT_H
| #  include <stdint.h>
| # endif
| #endif
| #if HAVE_UNISTD_H
| # include <unistd.h>
| #endif
| #include <soundcard.h>
configure:8390: result: no
configure:8394: checking soundcard.h presence
configure:8404: gcc -E -I/home/aleksandar_yanev/.local/include  conftest.c
conftest.c:38:10: fatal error: soundcard.h: No such file or directory
   38 | #include <soundcard.h>
      |          ^~~~~~~~~~~~~
compilation terminated.
configure:8410: $? = 1
configure: failed program was:
| /* confdefs.h.  */
| 
| #define PACKAGE_NAME "TiMidity++"
| #define PACKAGE_TARNAME "TiMidity++"
| #define PACKAGE_VERSION "2.15.0"
| #define PACKAGE_STRING "TiMidity++ 2.15.0"
| #define PACKAGE_BUGREPORT "timidity-talk@lists.sourceforge.net"
| #define PACKAGE "TiMidity++"
| #define VERSION "2.15.0"
| #define NDEBUG 1
| #define DEFAULT_PATH "/home/aleksandar_yanev/.local/share/timidity"
| #define PKGDATADIR DEFAULT_PATH
| #define PKGLIBDIR "/home/aleksandar_yanev/.local/lib/timidity"
| #define HAVE_LIBM 1
| #define HAVE_GETHOSTBYNAME 1
| #define X_DISPLAY_MISSING 1
| #define HAVE_SYS_WAIT_H 1
| #define TIME_WITH_SYS_TIME 1
| #define HAVE_DIRENT_H 1
| #define HAVE_ARPA_INET_H 1
| #define HAVE_ERRNO_H 1
| #define HAVE_GETOPT_H 1
| #define HAVE_GLOB_H 1
| #define HAVE_DLFCN_H 1
| #define HAVE_FCNTL_H 1
| #define HAVE_INTTYPES_H 1
| #define HAVE_LIMITS_H 1
| #define HAVE_MALLOC_H 1
| #define HAVE_MEMORY_H 1
| #define HAVE_NETDB_H 1
| #define HAVE_NETINET_IN_H 1
| #define HAVE_STDDEF_H 1
| #define HAVE_STDLIB_H 1
| #define HAVE_STDINT_H 1
| #define HAVE_STRING_H 1
| #define HAVE_STRINGS_H 1
| /* end confdefs.h.  */
| #include <soundcard.h>
configure:8430: result: no
configure:8465: checking for soundcard.h
configure:8472: result: no
configure:8349: checking alsa/asoundlib.h usability
configure:8361: gcc -c -O2 -I/home/aleksandar_yanev/.local/include  conftest.c >&5
conftest.c:72:10: fatal error: alsa/asoundlib.h: No such file or directory
   72 | #include <alsa/asoundlib.h>
      |          ^~~~~~~~~~~~~~~~~~
compilation terminated.
configure:8367: $? = 1
configure: failed program was:
| /* confdefs.h.  */
| 
| #define PACKAGE_NAME "TiMidity++"
| #define PACKAGE_TARNAME "TiMidity++"
| #define PACKAGE_VERSION "2.15.0"
| #define PACKAGE_STRING "TiMidity++ 2.15.0"
| #define PACKAGE_BUGREPORT "timidity-talk@lists.sourceforge.net"
| #define PACKAGE "TiMidity++"
| #define VERSION "2.15.0"
| #define NDEBUG 1
| #define DEFAULT_PATH "/home/aleksandar_yanev/.local/share/timidity"
| #define PKGDATADIR DEFAULT_PATH
| #define PKGLIBDIR "/home/aleksandar_yanev/.local/lib/timidity"
| #define HAVE_LIBM 1
| #define HAVE_GETHOSTBYNAME 1
| #define X_DISPLAY_MISSING 1
| #define HAVE_SYS_WAIT_H 1
| #define TIME_WITH_SYS_TIME 1
| #define HAVE_DIRENT_H 1
| #define HAVE_ARPA_INET_H 1
| #define HAVE_ERRNO_H 1
| #define HAVE_GETOPT_H 1
| #define HAVE_GLOB_H 1
| #define HAVE_DLFCN_H 1
| #define HAVE_FCNTL_H 1
| #define HAVE_INTTYPES_H 1
| #define HAVE_LIMITS_H 1
| #define HAVE_MALLOC_H 1
| #define HAVE_MEMORY_H 1
| #define HAVE_NETDB_H 1
| #define HAVE_NETINET_IN_H 1
| #define HAVE_STDDEF_H 1
| #define HAVE_STDLIB_H 1
| #define HAVE_STDINT_H 1
| #define HAVE_STRING_H 1
| #define HAVE_STRINGS_H 1
| /* end confdefs.h.  */
| #include <stdio.h>
| #if HAVE_SYS_TYPES_H
| # include <sys/types.h>
| #endif
| #if HAVE_SYS_STAT_H
| # include <sys/stat.h>
| #endif
| #if STDC_HEADERS
| # include <stdlib.h>
| # include <stddef.h>
| #else
| # if HAVE_STDLIB_H
| #  include <stdlib.h>
| # endif
| #endif
| #if HAVE_STRING_H
| # if !STDC_HEADERS && HAVE_MEMORY_H
| #  include <memory.h>
| # endif
| # include <string.h>
| #endif
| #if HAVE_STRINGS_H
| # include <strings.h>
| #endif
| #if HAVE_INTTYPES_H
| # include <inttypes.h>
| #else
| # if HAVE_STDINT_H
| #  include <stdint.h>
| # endif
| #endif
| #if HAVE_UNISTD_H
| # include <unistd.h>
| #endif
| #include <alsa/asoundlib.h>
configure:8390: result: no
configure:8394: checking alsa/asoundlib.h presence
configure:8404: gcc -E -I/home/aleksandar_yanev/.local/include  conftest.c
conftest.c:38:10: fatal error: alsa/asoundlib.h: No such file or directory
   38 | #include <alsa/asoundlib.h>
      |          ^~~~~~~~~~~~~~~~~~
compilation terminated.
configure:8410: $? = 1
configure: failed program was:
| /* confdefs.h.  */
| 
| #define PACKAGE_NAME "TiMidity++"
| #define PACKAGE_TARNAME "TiMidity++"
| #define PACKAGE_VERSION "2.15.0"
| #define PACKAGE_STRING "TiMidity++ 2.15.0"
| #define PACKAGE_BUGREPORT "timidity-talk@lists.sourceforge.net"
| #define PACKAGE "TiMidity++"
| #define VERSION "2.15.0"
| #define NDEBUG 1
| #define DEFAULT_PATH "/home/aleksandar_yanev/.local/share/timidity"
| #define PKGDATADIR DEFAULT_PATH
| #define PKGLIBDIR "/home/aleksandar_yanev/.local/lib/timidity"
| #define HAVE_LIBM 1
| #define HAVE_GETHOSTBYNAME 1
| #define X_DISPLAY_MISSING 1
| #define HAVE_SYS_WAIT_H 1
| #define TIME_WITH_SYS_TIME 1
| #define HAVE_DIRENT_H 1
| #define HAVE_ARPA_INET_H 1
| #define HAVE_ERRNO_H 1
| #define HAVE_GETOPT_H 1
| #define HAVE_GLOB_H 1
| #define HAVE_DLFCN_H 1
| #define HAVE_FCNTL_H 1
| #define HAVE_INTTYPES_H 1
| #define HAVE_LIMITS_H 1
| #define HAVE_MALLOC_H 1
| #define HAVE_MEMORY_H 1
| #define HAVE_NETDB_H 1
| #define HAVE_NETINET_IN_H 1
| #define HAVE_STDDEF_H 1
| #define HAVE_STDLIB_H 1
| #define HAVE_STDINT_H 1
| #define HAVE_STRING_H 1
| #define HAVE_STRINGS_H 1
| /* end confdefs.h.  */
| #include <alsa/asoundlib.h>
configure:8430: result: no
configure:8465: checking for alsa/asoundlib.h
configure:8472: result: no
configure:8349: checking sys/asoundlib.h usability
configure:8361: gcc -c -O2 -I/home/aleksandar_yanev/.local/include  conftest.c >&5
conftest.c:72:10: fatal error: sys/asoundlib.h: No such file or directory
   72 | #include <sys/asoundlib.h>
      |          ^~~~~~~~~~~~~~~~~
compilation terminated.
configure:8367: $? = 1
configure: failed program was:
| /* confdefs.h.  */
| 
| #define PACKAGE_NAME "TiMidity++"
| #define PACKAGE_TARNAME "TiMidity++"
| #define PACKAGE_VERSION "2.15.0"
| #define PACKAGE_STRING "TiMidity++ 2.15.0"
| #define PACKAGE_BUGREPORT "timidity-talk@lists.sourceforge.net"
| #define PACKAGE "TiMidity++"
| #define VERSION "2.15.0"
| #define NDEBUG 1
| #define DEFAULT_PATH "/home/aleksandar_yanev/.local/share/timidity"
| #define PKGDATADIR DEFAULT_PATH
| #define PKGLIBDIR "/home/aleksandar_yanev/.local/lib/timidity"
| #define HAVE_LIBM 1
| #define HAVE_GETHOSTBYNAME 1
| #define X_DISPLAY_MISSING 1
| #define HAVE_SYS_WAIT_H 1
| #define TIME_WITH_SYS_TIME 1
| #define HAVE_DIRENT_H 1
| #define HAVE_ARPA_INET_H 1
| #define HAVE_ERRNO_H 1
| #define HAVE_GETOPT_H 1
| #define HAVE_GLOB_H 1
| #define HAVE_DLFCN_H 1
| #define HAVE_FCNTL_H 1
| #define HAVE_INTTYPES_H 1
| #define HAVE_LIMITS_H 1
| #define HAVE_MALLOC_H 1
| #define HAVE_MEMORY_H 1
| #define HAVE_NETDB_H 1
| #define HAVE_NETINET_IN_H 1
| #define HAVE_STDDEF_H 1
| #define HAVE_STDLIB_H 1
| #define HAVE_STDINT_H 1
| #define HAVE_STRING_H 1
| #define HAVE_STRINGS_H 1
| /* end confdefs.h.  */
| #include <stdio.h>
| #if HAVE_SYS_TYPES_H
| # include <sys/types.h>
| #endif
| #if HAVE_SYS_STAT_H
| # include <sys/stat.h>
| #endif
| #if STDC_HEADERS
| # include <stdlib.h>
| # include <stddef.h>
| #else
| # if HAVE_STDLIB_H
| #  include <stdlib.h>
| # endif
| #endif
| #if HAVE_STRING_H
| # if !STDC_HEADERS && HAVE_MEMORY_H
| #  include <memory.h>
| # endif
| # include <string.h>
| #endif
| #if HAVE_STRINGS_H
| # include <strings.h>
| #endif
| #if HAVE_INTTYPES_H
| # include <inttypes.h>
| #else
| # if HAVE_STDINT_H
| #  include <stdint.h>
| # endif
| #endif
| #if HAVE_UNISTD_H
| # include <unistd.h>
| #endif
| #include <sys/asoundlib.h>
configure:8390: result: no
configure:8394: checking sys/asoundlib.h presence
configure:8404: gcc -E -I/home/aleksandar_yanev/.local/include  conftest.c
conftest.c:38:10: fatal error: sys/asoundlib.h: No such file or directory
   38 | #include <sys/asoundlib.h>
      |          ^~~~~~~~~~~~~~~~~
compilation terminated.
configure:8410: $? = 1
configure: failed program was:
| /* confdefs.h.  */
| 
| #define PACKAGE_NAME "TiMidity++"
| #define PACKAGE_TARNAME "TiMidity++"
| #define PACKAGE_VERSION "2.15.0"
| #define PACKAGE_STRING "TiMidity++ 2.15.0"
| #define PACKAGE_BUGREPORT "timidity-talk@lists.sourceforge.net"
| #define PACKAGE "TiMidity++"
| #define VERSION "2.15.0"
| #define NDEBUG 1
| #define DEFAULT_PATH "/home/aleksandar_yanev/.local/share/timidity"
| #define PKGDATADIR DEFAULT_PATH
| #define PKGLIBDIR "/home/aleksandar_yanev/.local/lib/timidity"
| #define HAVE_LIBM 1
| #define HAVE_GETHOSTBYNAME 1
| #define X_DISPLAY_MISSING 1
| #define HAVE_SYS_WAIT_H 1
| #define TIME_WITH_SYS_TIME 1
| #define HAVE_DIRENT_H 1
| #define HAVE_ARPA_INET_H 1
| #define HAVE_ERRNO_H 1
| #define HAVE_GETOPT_H 1
| #define HAVE_GLOB_H 1
| #define HAVE_DLFCN_H 1
| #define HAVE_FCNTL_H 1
| #define HAVE_INTTYPES_H 1
| #define HAVE_LIMITS_H 1
| #define HAVE_MALLOC_H 1
| #define HAVE_MEMORY_H 1
| #define HAVE_NETDB_H 1
| #define HAVE_NETINET_IN_H 1
| #define HAVE_STDDEF_H 1
| #define HAVE_STDLIB_H 1
| #define HAVE_STDINT_H 1
| #define HAVE_STRING_H 1
| #define HAVE_STRINGS_H 1
| /* end confdefs.h.  */
| #include <sys/asoundlib.h>
configure:8430: result: no
configure:8465: checking for sys/asoundlib.h
configure:8472: result: no
configure:8349: checking sys/audioio.h usability
configure:8361: gcc -c -O2 -I/home/aleksandar_yanev/.local/include  conftest.c >&5
conftest.c:72:10: fatal error: sys/audioio.h: No such file or directory
   72 | #include <sys/audioio.h>
      |          ^~~~~~~~~~~~~~~
compilation terminated.
configure:8367: $? = 1
configure: failed program was:
| /* confdefs.h.  */
| 
| #define PACKAGE_NAME "TiMidity++"
| #define PACKAGE_TARNAME "TiMidity++"
| #define PACKAGE_VERSION "2.15.0"
| #define PACKAGE_STRING "TiMidity++ 2.15.0"
| #define PACKAGE_BUGREPORT "timidity-talk@lists.sourceforge.net"
| #define PACKAGE "TiMidity++"
| #define VERSION "2.15.0"
| #define NDEBUG 1
| #define DEFAULT_PATH "/home/aleksandar_yanev/.local/share/timidity"
| #define PKGDATADIR DEFAULT_PATH
| #define PKGLIBDIR "/home/aleksandar_yanev/.local/lib/timidity"
| #define HAVE_LIBM 1
| #define HAVE_GETHOSTBYNAME 1
| #define X_DISPLAY_MISSING 1
| #define HAVE_SYS_WAIT_H 1
| #define TIME_WITH_SYS_TIME 1
| #define HAVE_DIRENT_H 1
| #define HAVE_ARPA_INET_H 1
| #define HAVE_ERRNO_H 1
| #define HAVE_GETOPT_H 1
| #define HAVE_GLOB_H 1
| #define HAVE_DLFCN_H 1
| #define HAVE_FCNTL_H 1
| #define HAVE_INTTYPES_H 1
| #define HAVE_LIMITS_H 1
| #define HAVE_MALLOC_H 1
| #define HAVE_MEMORY_H 1
| #define HAVE_NETDB_H 1
| #define HAVE_NETINET_IN_H 1
| #define HAVE_STDDEF_H 1
| #define HAVE_STDLIB_H 1
| #define HAVE_STDINT_H 1
| #define HAVE_STRING_H 1
| #define HAVE_STRINGS_H 1
| /* end confdefs.h.  */
| #include <stdio.h>
| #if HAVE_SYS_TYPES_H
| # include <sys/types.h>
| #endif
| #if HAVE_SYS_STAT_H
| # include <sys/stat.h>
| #endif
| #if STDC_HEADERS
| # include <stdlib.h>
| # include <stddef.h>
| #else
| # if HAVE_STDLIB_H
| #  include <stdlib.h>
| # endif
| #endif
| #if HAVE_STRING_H
| # if !STDC_HEADERS && HAVE_MEMORY_H
| #  include <memory.h>
| # endif
| # include <string.h>
| #endif
| #if HAVE_STRINGS_H
| # include <strings.h>
| #endif
| #if HAVE_INTTYPES_H
| # include <inttypes.h>
| #else
| # if HAVE_STDINT_H
| #  include <stdint.h>
| # endif
| #endif
| #if HAVE_UNISTD_H
| # include <unistd.h>
| #endif
| #include <sys/audioio.h>
configure:8390: result: no
configure:8394: checking sys/audioio.h presence
configure:8404: gcc -E -I/home/aleksandar_yanev/.local/include  conftest.c
conftest.c:38:10: fatal error: sys/audioio.h: No such file or directory
   38 | #include <sys/audioio.h>
      |          ^~~~~~~~~~~~~~~
compilation terminated.
configure:8410: $? = 1
configure: failed program was:
| /* confdefs.h.  */
| 
| #define PACKAGE_NAME "TiMidity++"
| #define PACKAGE_TARNAME "TiMidity++"
| #define PACKAGE_VERSION "2.15.0"
| #define PACKAGE_STRING "TiMidity++ 2.15.0"
| #define PACKAGE_BUGREPORT "timidity-talk@lists.sourceforge.net"
| #define PACKAGE "TiMidity++"
| #define VERSION "2.15.0"
| #define NDEBUG 1
| #define DEFAULT_PATH "/home/aleksandar_yanev/.local/share/timidity"
| #define PKGDATADIR DEFAULT_PATH
| #define PKGLIBDIR "/home/aleksandar_yanev/.local/lib/timidity"
| #define HAVE_LIBM 1
| #define HAVE_GETHOSTBYNAME 1
| #define X_DISPLAY_MISSING 1
| #define HAVE_SYS_WAIT_H 1
| #define TIME_WITH_SYS_TIME 1
| #define HAVE_DIRENT_H 1
| #define HAVE_ARPA_INET_H 1
| #define HAVE_ERRNO_H 1
| #define HAVE_GETOPT_H 1
| #define HAVE_GLOB_H 1
| #define HAVE_DLFCN_H 1
| #define HAVE_FCNTL_H 1
| #define HAVE_INTTYPES_H 1
| #define HAVE_LIMITS_H 1
| #define HAVE_MALLOC_H 1
| #define HAVE_MEMORY_H 1
| #define HAVE_NETDB_H 1
| #define HAVE_NETINET_IN_H 1
| #define HAVE_STDDEF_H 1
| #define HAVE_STDLIB_H 1
| #define HAVE_STDINT_H 1
| #define HAVE_STRING_H 1
| #define HAVE_STRINGS_H 1
| /* end confdefs.h.  */
| #include <sys/audioio.h>
configure:8430: result: no
configure:8465: checking for sys/audioio.h
configure:8472: result: no
configure:8349: checking sys/awe_voice.h usability
configure:8361: gcc -c -O2 -I/home/aleksandar_yanev/.local/include  conftest.c >&5
conftest.c:72:10: fatal error: sys/awe_voice.h: No such file or directory
   72 | #include <sys/awe_voice.h>
      |          ^~~~~~~~~~~~~~~~~
compilation terminated.
configure:8367: $? = 1
configure: failed program was:
| /* confdefs.h.  */
| 
| #define PACKAGE_NAME "TiMidity++"
| #define PACKAGE_TARNAME "TiMidity++"
| #define PACKAGE_VERSION "2.15.0"
| #define PACKAGE_STRING "TiMidity++ 2.15.0"
| #define PACKAGE_BUGREPORT "timidity-talk@lists.sourceforge.net"
| #define PACKAGE "TiMidity++"
| #define VERSION "2.15.0"
| #define NDEBUG 1
| #define DEFAULT_PATH "/home/aleksandar_yanev/.local/share/timidity"
| #define PKGDATADIR DEFAULT_PATH
| #define PKGLIBDIR "/home/aleksandar_yanev/.local/lib/timidity"
| #define HAVE_LIBM 1
| #define HAVE_GETHOSTBYNAME 1
| #define X_DISPLAY_MISSING 1
| #define HAVE_SYS_WAIT_H 1
| #define TIME_WITH_SYS_TIME 1
| #define HAVE_DIRENT_H 1
| #define HAVE_ARPA_INET_H 1
| #define HAVE_ERRNO_H 1
| #define HAVE_GETOPT_H 1
| #define HAVE_GLOB_H 1
| #define HAVE_DLFCN_H 1
| #define HAVE_FCNTL_H 1
| #define HAVE_INTTYPES_H 1
| #define HAVE_LIMITS_H 1
| #define HAVE_MALLOC_H 1
| #define HAVE_MEMORY_H 1
| #define HAVE_NETDB_H 1
| #define HAVE_NETINET_IN_H 1
| #define HAVE_STDDEF_H 1
| #define HAVE_STDLIB_H 1
| #define HAVE_STDINT_H 1
| #define HAVE_STRING_H 1
| #define HAVE_STRINGS_H 1
| /* end confdefs.h.  */
| #include <stdio.h>
| #if HAVE_SYS_TYPES_H
| # include <sys/types.h>
| #endif
| #if HAVE_SYS_STAT_H
| # include <sys/stat.h>
| #endif
| #if STDC_HEADERS
| # include <stdlib.h>
| # include <stddef.h>
| #else
| # if HAVE_STDLIB_H
| #  include <stdlib.h>
| # endif
| #endif
| #if HAVE_STRING_H
| # if !STDC_HEADERS && HAVE_MEMORY_H
| #  include <memory.h>
| # endif
| # include <string.h>
| #endif
| #if HAVE_STRINGS_H
| # include <strings.h>
| #endif
| #if HAVE_INTTYPES_H
| # include <inttypes.h>
| #else
| # if HAVE_STDINT_H
| #  include <stdint.h>
| # endif
| #endif
| #if HAVE_UNISTD_H
| # include <unistd.h>
| #endif
| #include <sys/awe_voice.h>
configure:8390: result: no
configure:8394: checking sys/awe_voice.h presence
configure:8404: gcc -E -I/home/aleksandar_yanev/.local/include  conftest.c
conftest.c:38:10: fatal error: sys/awe_voice.h: No such file or directory
   38 | #include <sys/awe_voice.h>
      |          ^~~~~~~~~~~~~~~~~
compilation terminated.
configure:8410: $? = 1
configure: failed program was:
| /* confdefs.h.  */
| 
| #define PACKAGE_NAME "TiMidity++"
| #define PACKAGE_TARNAME "TiMidity++"
| #define PACKAGE_VERSION "2.15.0"
| #define PACKAGE_STRING "TiMidity++ 2.15.0"
| #define PACKAGE_BUGREPORT "timidity-talk@lists.sourceforge.net"
| #define PACKAGE "TiMidity++"
| #define VERSION "2.15.0"
| #define NDEBUG 1
| #define DEFAULT_PATH "/home/aleksandar_yanev/.local/share/timidity"
| #define PKGDATADIR DEFAULT_PATH
| #define PKGLIBDIR "/home/aleksandar_yanev/.local/lib/timidity"
| #define HAVE_LIBM 1
| #define HAVE_GETHOSTBYNAME 1
| #define X_DISPLAY_MISSING 1
| #define HAVE_SYS_WAIT_H 1
| #define TIME_WITH_SYS_TIME 1
| #define HAVE_DIRENT_H 1
| #define HAVE_ARPA_INET_H 1
| #define HAVE_ERRNO_H 1
| #define HAVE_GETOPT_H 1
| #define HAVE_GLOB_H 1
| #define HAVE_DLFCN_H 1
| #define HAVE_FCNTL_H 1
| #define HAVE_INTTYPES_H 1
| #define HAVE_LIMITS_H 1
| #define HAVE_MALLOC_H 1
| #define HAVE_MEMORY_H 1
| #define HAVE_NETDB_H 1
| #define HAVE_NETINET_IN_H 1
| #define HAVE_STDDEF_H 1
| #define HAVE_STDLIB_H 1
| #define HAVE_STDINT_H 1
| #define HAVE_STRING_H 1
| #define HAVE_STRINGS_H 1
| /* end confdefs.h.  */
| #include <sys/awe_voice.h>
configure:8430: result: no
configure:8465: checking for sys/awe_voice.h
configure:8472: result: no
configure:8349: checking sys/ioctl.h usability
configure:8361: gcc -c -O2 -I/home/aleksandar_yanev/.local/include  conftest.c >&5
configure:8367: $? = 0
configure:8371: test -z 
			 || test ! -s conftest.err
configure:8374: $? = 0
configure:8377: test -s conftest.o
configure:8380: $? = 0
configure:8390: result: yes
configure:8394: checking sys/ioctl.h presence
configure:8404: gcc -E -I/home/aleksandar_yanev/.local/include  conftest.c
configure:8410: $? = 0
configure:8430: result: yes
configure:8465: checking for sys/ioctl.h
configure:8472: result: yes
configure:8349: checking sys/ipc.h usability
configure:8361: gcc -c -O2 -I/home/aleksandar_yanev/.local/include  conftest.c >&5
configure:8367: $? = 0
configure:8371: test -z 
			 || test ! -s conftest.err
configure:8374: $? = 0
configure:8377: test -s conftest.o
configure:8380: $? = 0
configure:8390: result: yes
configure:8394: checking sys/ipc.h presence
configure:8404: gcc -E -I/home/aleksandar_yanev/.local/include  conftest.c
configure:8410: $? = 0
configure:8430: result: yes
configure:8465: checking for sys/ipc.h
configure:8472: result: yes
configure:8349: checking sys/param.h usability
configure:8361: gcc -c -O2 -I/home/aleksandar_yanev/.local/include  conftest.c >&5
configure:8367: $? = 0
configure:8371: test -z 
			 || test ! -s conftest.err
configure:8374: $? = 0
configure:8377: test -s conftest.o
configure:8380: $? = 0
configure:8390: result: yes
configure:8394: checking sys/param.h presence
configure:8404: gcc -E -I/home/aleksandar_yanev/.local/include  conftest.c
configure:8410: $? = 0
configure:8430: result: yes
configure:8465: checking for sys/param.h
configure:8472: result: yes
configure:8349: checking sys/shm.h usability
configure:8361: gcc -c -O2 -I/home/aleksandar_yanev/.local/include  conftest.c >&5
configure:8367: $? = 0
configure:8371: test -z 
			 || test ! -s conftest.err
configure:8374: $? = 0
configure:8377: test -s conftest.o
configure:8380: $? = 0
configure:8390: result: yes
configure:8394: checking sys/shm.h presence
configure:8404: gcc -E -I/home/aleksandar_yanev/.local/include  conftest.c
configure:8410: $? = 0
configure:8430: result: yes
configure:8465: checking for sys/shm.h
configure:8472: result: yes
configure:8349: checking sys/socket.h usability
configure:8361: gcc -c -O2 -I/home/aleksandar_yanev/.local/include  conftest.c >&5
configure:8367: $? = 0
configure:8371: test -z 
			 || test ! -s conftest.err
configure:8374: $? = 0
configure:8377: test -s conftest.o
configure:8380: $? = 0
configure:8390: result: yes
configure:8394: checking sys/socket.h presence
configure:8404: gcc -E -I/home/aleksandar_yanev/.local/include  conftest.c
configure:8410: $? = 0
configure:8430: result: yes
configure:8465: checking for sys/socket.h
configure:8472: result: yes
configure:8349: checking sys/soundcard.h usability
configure:8361: gcc -c -O2 -I/home/aleksandar_yanev/.local/include  conftest.c >&5
configure:8367: $? = 0
configure:8371: test -z 
			 || test ! -s conftest.err
configure:8374: $? = 0
configure:8377: test -s conftest.o
configure:8380: $? = 0
configure:8390: result: yes
configure:8394: checking sys/soundcard.h presence
configure:8404: gcc -E -I/home/aleksandar_yanev/.local/include  conftest.c
configure:8410: $? = 0
configure:8430: result: yes
configure:8465: checking for sys/soundcard.h
configure:8472: result: yes
configure:8340: checking for sys/param.h
configure:8345: result: yes
configure:8349: checking sys/time.h usability
configure:8361: gcc -c -O2 -I/home/aleksandar_yanev/.local/include  conftest.c >&5
configure:8367: $? = 0
configure:8371: test -z 
			 || test ! -s conftest.err
configure:8374: $? = 0
configure:8377: test -s conftest.o
configure:8380: $? = 0
configure:8390: result: yes
configure:8394: checking sys/time.h presence
configure:8404: gcc -E -I/home/aleksandar_yanev/.local/include  conftest.c
configure:8410: $? = 0
configure:8430: result: yes
configure:8465: checking for sys/time.h
configure:8472: result: yes
configure:8349: checking sys/types.h usability
configure:8361: gcc -c -O2 -I/home/aleksandar_yanev/.local/include  conftest.c >&5
configure:8367: $? = 0
configure:8371: test -z 
			 || test ! -s conftest.err
configure:8374: $? = 0
configure:8377: test -s conftest.o
configure:8380: $? = 0
configure:8390: result: yes
configure:8394: checking sys/types.h presence
configure:8404: gcc -E -I/home/aleksandar_yanev/.local/include  conftest.c
configure:8410: $? = 0
configure:8430: result: yes
configure:8465: checking for sys/types.h
configure:8472: result: yes
configure:8349: checking sys/stat.h usability
configure:8361: gcc -c -O2 -I/home/aleksandar_yanev/.local/include  conftest.c >&5
configure:8367: $? = 0
configure:8371: test -z 
			 || test ! -s conftest.err
configure:8374: $? = 0
configure:8377: test -s conftest.o
configure:8380: $? = 0
configure:8390: result: yes
configure:8394: checking sys/stat.h presence
configure:8404: gcc -E -I/home/aleksandar_yanev/.local/include  conftest.c
configure:8410: $? = 0
configure:8430: result: yes
configure:8465: checking for sys/stat.h
configure:8472: result: yes
configure:8349: checking sys/sysctl.h usability
configure:8361: gcc -c -O2 -I/home/aleksandar_yanev/.local/include  conftest.c >&5
conftest.c:82:10: fatal error: sys/sysctl.h: No such file or directory
   82 | #include <sys/sysctl.h>
      |          ^~~~~~~~~~~~~~
compilation terminated.
configure:8367: $? = 1
configure: failed program was:
| /* confdefs.h.  */
| 
| #define PACKAGE_NAME "TiMidity++"
| #define PACKAGE_TARNAME "TiMidity++"
| #define PACKAGE_VERSION "2.15.0"
| #define PACKAGE_STRING "TiMidity++ 2.15.0"
| #define PACKAGE_BUGREPORT "timidity-talk@lists.sourceforge.net"
| #define PACKAGE "TiMidity++"
| #define VERSION "2.15.0"
| #define NDEBUG 1
| #define DEFAULT_PATH "/home/aleksandar_yanev/.local/share/timidity"
| #define PKGDATADIR DEFAULT_PATH
| #define PKGLIBDIR "/home/aleksandar_yanev/.local/lib/timidity"
| #define HAVE_LIBM 1
| #define HAVE_GETHOSTBYNAME 1
| #define X_DISPLAY_MISSING 1
| #define HAVE_SYS_WAIT_H 1
| #define TIME_WITH_SYS_TIME 1
| #define HAVE_DIRENT_H 1
| #define HAVE_ARPA_INET_H 1
| #define HAVE_ERRNO_H 1
| #define HAVE_GETOPT_H 1
| #define HAVE_GLOB_H 1
| #define HAVE_DLFCN_H 1
| #define HAVE_FCNTL_H 1
| #define HAVE_INTTYPES_H 1
| #define HAVE_LIMITS_H 1
| #define HAVE_MALLOC_H 1
| #define HAVE_MEMORY_H 1
| #define HAVE_NETDB_H 1
| #define HAVE_NETINET_IN_H 1
| #define HAVE_STDDEF_H 1
| #define HAVE_STDLIB_H 1
| #define HAVE_STDINT_H 1
| #define HAVE_STRING_H 1
| #define HAVE_STRINGS_H 1
| #define HAVE_SYS_IOCTL_H 1
| #define HAVE_SYS_IPC_H 1
| #define HAVE_SYS_PARAM_H 1
| #define HAVE_SYS_SHM_H 1
| #define HAVE_SYS_SOCKET_H 1
| #define HAVE_SYS_SOUNDCARD_H 1
| #define HAVE_SYS_PARAM_H 1
| #define HAVE_SYS_TIME_H 1
| #define HAVE_SYS_TYPES_H 1
| #define HAVE_SYS_STAT_H 1
| /* end confdefs.h.  */
| #include <stdio.h>
| #if HAVE_SYS_TYPES_H
| # include <sys/types.h>
| #endif
| #if HAVE_SYS_STAT_H
| # include <sys/stat.h>
| #endif
| #if STDC_HEADERS
| # include <stdlib.h>
| # include <stddef.h>
| #else
| # if HAVE_STDLIB_H
| #  include <stdlib.h>
| # endif
| #endif
| #if HAVE_STRING_H
| # if !STDC_HEADERS && HAVE_MEMORY_H
| #  include <memory.h>
| # endif
| # include <string.h>
| #endif
| #if HAVE_STRINGS_H
| # include <strings.h>
| #endif
| #if HAVE_INTTYPES_H
| # include <inttypes.h>
| #else
| # if HAVE_STDINT_H
| #  include <stdint.h>
| # endif
| #endif
| #if HAVE_UNISTD_H
| # include <unistd.h>
| #endif
| #include <sys/sysctl.h>
configure:8390: result: no
configure:8394: checking sys/sysctl.h presence
configure:8404: gcc -E -I/home/aleksandar_yanev/.local/include  conftest.c
conftest.c:48:10: fatal error: sys/sysctl.h: No such file or directory
   48 | #include <sys/sysctl.h>
      |          ^~~~~~~~~~~~~~
compilation terminated.
configure:8410: $? = 1
configure: failed program was:
| /* confdefs.h.  */
| 
| #define PACKAGE_NAME "TiMidity++"
| #define PACKAGE_TARNAME "TiMidity++"
| #define PACKAGE_VERSION "2.15.0"
| #define PACKAGE_STRING "TiMidity++ 2.15.0"
| #define PACKAGE_BUGREPORT "timidity-talk@lists.sourceforge.net"
| #define PACKAGE "TiMidity++"
| #define VERSION "2.15.0"
| #define NDEBUG 1
| #define DEFAULT_PATH "/home/aleksandar_yanev/.local/share/timidity"
| #define PKGDATADIR DEFAULT_PATH
| #define PKGLIBDIR "/home/aleksandar_yanev/.local/lib/timidity"
| #define HAVE_LIBM 1
| #define HAVE_GETHOSTBYNAME 1
| #define X_DISPLAY_MISSING 1
| #define HAVE_SYS_WAIT_H 1
| #define TIME_WITH_SYS_TIME 1
| #define HAVE_DIRENT_H 1
| #define HAVE_ARPA_INET_H 1
| #define HAVE_ERRNO_H 1
| #define HAVE_GETOPT_H 1
| #define HAVE_GLOB_H 1
| #define HAVE_DLFCN_H 1
| #define HAVE_FCNTL_H 1
| #define HAVE_INTTYPES_H 1
| #define HAVE_LIMITS_H 1
| #define HAVE_MALLOC_H 1
| #define HAVE_MEMORY_H 1
| #define HAVE_NETDB_H 1
| #define HAVE_NETINET_IN_H 1
| #define HAVE_STDDEF_H 1
| #define HAVE_STDLIB_H 1
| #define HAVE_STDINT_H 1
| #define HAVE_STRING_H 1
| #define HAVE_STRINGS_H 1
| #define HAVE_SYS_IOCTL_H 1
| #define HAVE_SYS_IPC_H 1
| #define HAVE_SYS_PARAM_H 1
| #define HAVE_SYS_SHM_H 1
| #define HAVE_SYS_SOCKET_H 1
| #define HAVE_SYS_SOUNDCARD_H 1
| #define HAVE_SYS_PARAM_H 1
| #define HAVE_SYS_TIME_H 1
| #define HAVE_SYS_TYPES_H 1
| #define HAVE_SYS_STAT_H 1
| /* end confdefs.h.  */
| #include <sys/sysctl.h>
configure:8430: result: no
configure:8465: checking for sys/sysctl.h
configure:8472: result: no
configure:8349: checking termios.h usability
configure:8361: gcc -c -O2 -I/home/aleksandar_yanev/.local/include  conftest.c >&5
configure:8367: $? = 0
configure:8371: test -z 
			 || test ! -s conftest.err
configure:8374: $? = 0
configure:8377: test -s conftest.o
configure:8380: $? = 0
configure:8390: result: yes
configure:8394: checking termios.h presence
configure:8404: gcc -E -I/home/aleksandar_yanev/.local/include  conftest.c
configure:8410: $? = 0
configure:8430: result: yes
configure:8465: checking for termios.h
configure:8472: result: yes
configure:8349: checking X11/Xlib.h usability
configure:8361: gcc -c -O2 -I/home/aleksandar_yanev/.local/include  conftest.c >&5
configure:8367: $? = 0
configure:8371: test -z 
			 || test ! -s conftest.err
configure:8374: $? = 0
configure:8377: test -s conftest.o
configure:8380: $? = 0
configure:8390: result: yes
configure:8394: checking X11/Xlib.h presence
configure:8404: gcc -E -I/home/aleksandar_yanev/.local/include  conftest.c
configure:8410: $? = 0
configure:8430: result: yes
configure:8465: checking for X11/Xlib.h
configure:8472: result: yes
configure:8503: checking unistd.h usability
configure:8515: gcc -c -O2 -I/home/aleksandar_yanev/.local/include  conftest.c >&5
configure:8521: $? = 0
configure:8525: test -z 
			 || test ! -s conftest.err
configure:8528: $? = 0
configure:8531: test -s conftest.o
configure:8534: $? = 0
configure:8544: result: yes
configure:8548: checking unistd.h presence
configure:8558: gcc -E -I/home/aleksandar_yanev/.local/include  conftest.c
configure:8564: $? = 0
configure:8584: result: yes
configure:8619: checking for unistd.h
configure:8626: result: yes
configure:8647: checking for X11/extensions/XShm.h
configure:8667: gcc -c -O2 -I/home/aleksandar_yanev/.local/include  conftest.c >&5
conftest.c:57:10: fatal error: X11/extensions/XShm.h: No such file or directory
   57 | #include <X11/extensions/XShm.h>
      |          ^~~~~~~~~~~~~~~~~~~~~~~
compilation terminated.
configure:8673: $? = 1
configure: failed program was:
| /* confdefs.h.  */
| 
| #define PACKAGE_NAME "TiMidity++"
| #define PACKAGE_TARNAME "TiMidity++"
| #define PACKAGE_VERSION "2.15.0"
| #define PACKAGE_STRING "TiMidity++ 2.15.0"
| #define PACKAGE_BUGREPORT "timidity-talk@lists.sourceforge.net"
| #define PACKAGE "TiMidity++"
| #define VERSION "2.15.0"
| #define NDEBUG 1
| #define DEFAULT_PATH "/home/aleksandar_yanev/.local/share/timidity"
| #define PKGDATADIR DEFAULT_PATH
| #define PKGLIBDIR "/home/aleksandar_yanev/.local/lib/timidity"
| #define HAVE_LIBM 1
| #define HAVE_GETHOSTBYNAME 1
| #define X_DISPLAY_MISSING 1
| #define HAVE_SYS_WAIT_H 1
| #define TIME_WITH_SYS_TIME 1
| #define HAVE_DIRENT_H 1
| #define HAVE_ARPA_INET_H 1
| #define HAVE_ERRNO_H 1
| #define HAVE_GETOPT_H 1
| #define HAVE_GLOB_H 1
| #define HAVE_DLFCN_H 1
| #define HAVE_FCNTL_H 1
| #define HAVE_INTTYPES_H 1
| #define HAVE_LIMITS_H 1
| #define HAVE_MALLOC_H 1
| #define HAVE_MEMORY_H 1
| #define HAVE_NETDB_H 1
| #define HAVE_NETINET_IN_H 1
| #define HAVE_STDDEF_H 1
| #define HAVE_STDLIB_H 1
| #define HAVE_STDINT_H 1
| #define HAVE_STRING_H 1
| #define HAVE_STRINGS_H 1
| #define HAVE_SYS_IOCTL_H 1
| #define HAVE_SYS_IPC_H 1
| #define HAVE_SYS_PARAM_H 1
| #define HAVE_SYS_SHM_H 1
| #define HAVE_SYS_SOCKET_H 1
| #define HAVE_SYS_SOUNDCARD_H 1
| #define HAVE_SYS_PARAM_H 1
| #define HAVE_SYS_TIME_H 1
| #define HAVE_SYS_TYPES_H 1
| #define HAVE_SYS_STAT_H 1
| #define HAVE_TERMIOS_H 1
| #define HAVE_X11_XLIB_H 1
| #define HAVE_UNISTD_H 1
| /* end confdefs.h.  */
| 
| #ifdef HAVE_X11_XLIB_H
| #include <X11/Xlib.h>
| #endif
| 
| 
| #include <X11/extensions/XShm.h>
configure:8697: result: no
configure:8647: checking for X11/Xmu/ExtAgent.h
configure:8667: gcc -c -O2 -I/home/aleksandar_yanev/.local/include  conftest.c >&5
conftest.c:57:10: fatal error: X11/Xmu/ExtAgent.h: No such file or directory
   57 | #include <X11/Xmu/ExtAgent.h>
      |          ^~~~~~~~~~~~~~~~~~~~
compilation terminated.
configure:8673: $? = 1
configure: failed program was:
| /* confdefs.h.  */
| 
| #define PACKAGE_NAME "TiMidity++"
| #define PACKAGE_TARNAME "TiMidity++"
| #define PACKAGE_VERSION "2.15.0"
| #define PACKAGE_STRING "TiMidity++ 2.15.0"
| #define PACKAGE_BUGREPORT "timidity-talk@lists.sourceforge.net"
| #define PACKAGE "TiMidity++"
| #define VERSION "2.15.0"
| #define NDEBUG 1
| #define DEFAULT_PATH "/home/aleksandar_yanev/.local/share/timidity"
| #define PKGDATADIR DEFAULT_PATH
| #define PKGLIBDIR "/home/aleksandar_yanev/.local/lib/timidity"
| #define HAVE_LIBM 1
| #define HAVE_GETHOSTBYNAME 1
| #define X_DISPLAY_MISSING 1
| #define HAVE_SYS_WAIT_H 1
| #define TIME_WITH_SYS_TIME 1
| #define HAVE_DIRENT_H 1
| #define HAVE_ARPA_INET_H 1
| #define HAVE_ERRNO_H 1
| #define HAVE_GETOPT_H 1
| #define HAVE_GLOB_H 1
| #define HAVE_DLFCN_H 1
| #define HAVE_FCNTL_H 1
| #define HAVE_INTTYPES_H 1
| #define HAVE_LIMITS_H 1
| #define HAVE_MALLOC_H 1
| #define HAVE_MEMORY_H 1
| #define HAVE_NETDB_H 1
| #define HAVE_NETINET_IN_H 1
| #define HAVE_STDDEF_H 1
| #define HAVE_STDLIB_H 1
| #define HAVE_STDINT_H 1
| #define HAVE_STRING_H 1
| #define HAVE_STRINGS_H 1
| #define HAVE_SYS_IOCTL_H 1
| #define HAVE_SYS_IPC_H 1
| #define HAVE_SYS_PARAM_H 1
| #define HAVE_SYS_SHM_H 1
| #define HAVE_SYS_SOCKET_H 1
| #define HAVE_SYS_SOUNDCARD_H 1
| #define HAVE_SYS_PARAM_H 1
| #define HAVE_SYS_TIME_H 1
| #define HAVE_SYS_TYPES_H 1
| #define HAVE_SYS_STAT_H 1
| #define HAVE_TERMIOS_H 1
| #define HAVE_X11_XLIB_H 1
| #define HAVE_UNISTD_H 1
| /* end confdefs.h.  */
| 
| #ifdef HAVE_X11_XLIB_H
| #include <X11/Xlib.h>
| #endif
| 
| 
| #include <X11/Xmu/ExtAgent.h>
configure:8697: result: no
configure:8709: checking for string.h
configure:8714: result: yes
configure:8859: checking whether byte ordering is bigendian
configure:8886: gcc -c -O2 -I/home/aleksandar_yanev/.local/include  conftest.c >&5
configure:8892: $? = 0
configure:8896: test -z 
			 || test ! -s conftest.err
configure:8899: $? = 0
configure:8902: test -s conftest.o
configure:8905: $? = 0
configure:8929: gcc -c -O2 -I/home/aleksandar_yanev/.local/include  conftest.c >&5
conftest.c: In function 'main':
conftest.c:58:2: error: unknown type name 'not'; did you mean 'ino_t'?
   58 |  not big endian
      |  ^~~
      |  ino_t
conftest.c:58:10: error: expected '=', ',', ';', 'asm' or '__attribute__' before 'endian'
   58 |  not big endian
      |          ^~~~~~
configure:8935: $? = 1
configure: failed program was:
| /* confdefs.h.  */
| 
| #define PACKAGE_NAME "TiMidity++"
| #define PACKAGE_TARNAME "TiMidity++"
| #define PACKAGE_VERSION "2.15.0"
| #define PACKAGE_STRING "TiMidity++ 2.15.0"
| #define PACKAGE_BUGREPORT "timidity-talk@lists.sourceforge.net"
| #define PACKAGE "TiMidity++"
| #define VERSION "2.15.0"
| #define NDEBUG 1
| #define DEFAULT_PATH "/home/aleksandar_yanev/.local/share/timidity"
| #define PKGDATADIR DEFAULT_PATH
| #define PKGLIBDIR "/home/aleksandar_yanev/.local/lib/timidity"
| #define HAVE_LIBM 1
| #define HAVE_GETHOSTBYNAME 1
| #define X_DISPLAY_MISSING 1
| #define HAVE_SYS_WAIT_H 1
| #define TIME_WITH_SYS_TIME 1
| #define HAVE_DIRENT_H 1
| #define HAVE_ARPA_INET_H 1
| #define HAVE_ERRNO_H 1
| #define HAVE_GETOPT_H 1
| #define HAVE_GLOB_H 1
| #define HAVE_DLFCN_H 1
| #define HAVE_FCNTL_H 1
| #define HAVE_INTTYPES_H 1
| #define HAVE_LIMITS_H 1
| #define HAVE_MALLOC_H 1
| #define HAVE_MEMORY_H 1
| #define HAVE_NETDB_H 1
| #define HAVE_NETINET_IN_H 1
| #define HAVE_STDDEF_H 1
| #define HAVE_STDLIB_H 1
| #define HAVE_STDINT_H 1
| #define HAVE_STRING_H 1
| #define HAVE_STRINGS_H 1
| #define HAVE_SYS_IOCTL_H 1
| #define HAVE_SYS_IPC_H 1
| #define HAVE_SYS_PARAM_H 1
| #define HAVE_SYS_SHM_H 1
| #define HAVE_SYS_SOCKET_H 1
| #define HAVE_SYS_SOUNDCARD_H 1
| #define HAVE_SYS_PARAM_H 1
| #define HAVE_SYS_TIME_H 1
| #define HAVE_SYS_TYPES_H 1
| #define HAVE_SYS_STAT_H 1
| #define HAVE_TERMIOS_H 1
| #define HAVE_X11_XLIB_H 1
| #define HAVE_UNISTD_H 1
| /* end confdefs.h.  */
| #include <sys/types.h>
| #include <sys/param.h>
| 
| int
| main ()
| {
| #if BYTE_ORDER != BIG_ENDIAN
|  not big endian
| #endif
| 
|   ;
|   return 0;
| }
configure:9070: result: no
configure:9091: checking whether char is unsigned
configure:9114: gcc -c -O2 -I/home/aleksandar_yanev/.local/include  conftest.c >&5
configure:9120: $? = 0
configure:9124: test -z 
			 || test ! -s conftest.err
configure:9127: $? = 0
configure:9130: test -s conftest.o
configure:9133: $? = 0
configure:9144: result: no
configure:9153: checking for an ANSI C-conforming const
configure:9220: gcc -c -O2 -I/home/aleksandar_yanev/.local/include  conftest.c >&5
configure:9226: $? = 0
configure:9230: test -z 
			 || test ! -s conftest.err
configure:9233: $? = 0
configure:9236: test -s conftest.o
configure:9239: $? = 0
configure:9250: result: yes
configure:9260: checking for inline
configure:9281: gcc -c -O2 -I/home/aleksandar_yanev/.local/include  conftest.c >&5
configure:9287: $? = 0
configure:9291: test -z 
			 || test ! -s conftest.err
configure:9294: $? = 0
configure:9297: test -s conftest.o
configure:9300: $? = 0
configure:9312: result: inline
configure:9331: checking for working volatile
configure:9354: gcc -c -O2 -I/home/aleksandar_yanev/.local/include  conftest.c >&5
configure:9360: $? = 0
configure:9364: test -z 
			 || test ! -s conftest.err
configure:9367: $? = 0
configure:9370: test -s conftest.o
configure:9373: $? = 0
configure:9384: result: yes
configure:9394: checking for preprocessor stringizing operator
configure:9418: result: yes
configure:9428: checking for function prototypes
configure:9431: result: yes
configure:9448: checking whether struct tm is in sys/time.h or time.h
configure:9471: gcc -c -O2 -I/home/aleksandar_yanev/.local/include  conftest.c >&5
configure:9477: $? = 0
configure:9481: test -z 
			 || test ! -s conftest.err
configure:9484: $? = 0
configure:9487: test -s conftest.o
configure:9490: $? = 0
configure:9501: result: time.h
configure:9512: checking for size_t
configure:9536: gcc -c -O2 -I/home/aleksandar_yanev/.local/include  conftest.c >&5
configure:9542: $? = 0
configure:9546: test -z 
			 || test ! -s conftest.err
configure:9549: $? = 0
configure:9552: test -s conftest.o
configure:9555: $? = 0
configure:9566: result: yes
configure:9580: checking for off_t
configure:9604: gcc -c -O2 -I/home/aleksandar_yanev/.local/include  conftest.c >&5
configure:9610: $? = 0
configure:9614: test -z 
			 || test ! -s conftest.err
configure:9617: $? = 0
configure:9620: test -s conftest.o
configure:9623: $? = 0
configure:9634: result: yes
configure:9646: checking for pid_t
configure:9670: gcc -c -O2 -I/home/aleksandar_yanev/.local/include  conftest.c >&5
configure:9676: $? = 0
configure:9680: test -z 
			 || test ! -s conftest.err
configure:9683: $? = 0
configure:9686: test -s conftest.o
configure:9689: $? = 0
configure:9700: result: yes
configure:9715: checking for ssize_t
configure:9743: result: yes
configure:9753: checking volatile declaration
configure:9774: gcc -c -O2 -I/home/aleksandar_yanev/.local/include  conftest.c >&5
configure:9780: $? = 0
configure:9784: test -z 
			 || test ! -s conftest.err
configure:9787: $? = 0
configure:9790: test -s conftest.o
configure:9793: $? = 0
configure:9804: result: yes
configure:9814: checking union semun declaration
configure:9839: gcc -c -O2 -I/home/aleksandar_yanev/.local/include  conftest.c >&5
conftest.c: In function 'main':
conftest.c:63:13: error: storage size of 'x' isn't known
   63 | union semun x
      |             ^
configure:9845: $? = 1
configure: failed program was:
| /* confdefs.h.  */
| 
| #define PACKAGE_NAME "TiMidity++"
| #define PACKAGE_TARNAME "TiMidity++"
| #define PACKAGE_VERSION "2.15.0"
| #define PACKAGE_STRING "TiMidity++ 2.15.0"
| #define PACKAGE_BUGREPORT "timidity-talk@lists.sourceforge.net"
| #define PACKAGE "TiMidity++"
| #define VERSION "2.15.0"
| #define NDEBUG 1
| #define DEFAULT_PATH "/home/aleksandar_yanev/.local/share/timidity"
| #define PKGDATADIR DEFAULT_PATH
| #define PKGLIBDIR "/home/aleksandar_yanev/.local/lib/timidity"
| #define HAVE_LIBM 1
| #define HAVE_GETHOSTBYNAME 1
| #define X_DISPLAY_MISSING 1
| #define HAVE_SYS_WAIT_H 1
| #define TIME_WITH_SYS_TIME 1
| #define HAVE_DIRENT_H 1
| #define HAVE_ARPA_INET_H 1
| #define HAVE_ERRNO_H 1
| #define HAVE_GETOPT_H 1
| #define HAVE_GLOB_H 1
| #define HAVE_DLFCN_H 1
| #define HAVE_FCNTL_H 1
| #define HAVE_INTTYPES_H 1
| #define HAVE_LIMITS_H 1
| #define HAVE_MALLOC_H 1
| #define HAVE_MEMORY_H 1
| #define HAVE_NETDB_H 1
| #define HAVE_NETINET_IN_H 1
| #define HAVE_STDDEF_H 1
| #define HAVE_STDLIB_H 1
| #define HAVE_STDINT_H 1
| #define HAVE_STRING_H 1
| #define HAVE_STRINGS_H 1
| #define HAVE_SYS_IOCTL_H 1
| #define HAVE_SYS_IPC_H 1
| #define HAVE_SYS_PARAM_H 1
| #define HAVE_SYS_SHM_H 1
| #define HAVE_SYS_SOCKET_H 1
| #define HAVE_SYS_SOUNDCARD_H 1
| #define HAVE_SYS_PARAM_H 1
| #define HAVE_SYS_TIME_H 1
| #define HAVE_SYS_TYPES_H 1
| #define HAVE_SYS_STAT_H 1
| #define HAVE_TERMIOS_H 1
| #define HAVE_X11_XLIB_H 1
| #define HAVE_UNISTD_H 1
| #define HAVE_STRINGIZE 1
| #define PROTOTYPES 1
| #define __PROTOTYPES 1
| #define HAVE_SSIZE_T 1
| /* end confdefs.h.  */
| 
| #include <sys/types.h>
| #include <sys/ipc.h>
| #include <sys/sem.h>
| 
| int
| main ()
| {
| union semun x
|   ;
|   return 0;
| }
configure:9869: result: no
configure:9985: checking for error_at_line
configure:10006: gcc -o conftest -O2 -I/home/aleksandar_yanev/.local/include  -L/home/aleksandar_yanev/.local/lib  conftest.c -lm  >&5
conftest.c: In function 'main':
conftest.c:92:1: error: implicit declaration of function 'error_at_line' [-Wimplicit-function-declaration]
   92 | error_at_line (0, 0, "", 0, "");
      | ^~~~~~~~~~~~~
configure:10012: $? = 1
configure: failed program was:
| /* confdefs.h.  */
| 
| #define PACKAGE_NAME "TiMidity++"
| #define PACKAGE_TARNAME "TiMidity++"
| #define PACKAGE_VERSION "2.15.0"
| #define PACKAGE_STRING "TiMidity++ 2.15.0"
| #define PACKAGE_BUGREPORT "timidity-talk@lists.sourceforge.net"
| #define PACKAGE "TiMidity++"
| #define VERSION "2.15.0"
| #define NDEBUG 1
| #define DEFAULT_PATH "/home/aleksandar_yanev/.local/share/timidity"
| #define PKGDATADIR DEFAULT_PATH
| #define PKGLIBDIR "/home/aleksandar_yanev/.local/lib/timidity"
| #define HAVE_LIBM 1
| #define HAVE_GETHOSTBYNAME 1
| #define X_DISPLAY_MISSING 1
| #define HAVE_SYS_WAIT_H 1
| #define TIME_WITH_SYS_TIME 1
| #define HAVE_DIRENT_H 1
| #define HAVE_ARPA_INET_H 1
| #define HAVE_ERRNO_H 1
| #define HAVE_GETOPT_H 1
| #define HAVE_GLOB_H 1
| #define HAVE_DLFCN_H 1
| #define HAVE_FCNTL_H 1
| #define HAVE_INTTYPES_H 1
| #define HAVE_LIMITS_H 1
| #define HAVE_MALLOC_H 1
| #define HAVE_MEMORY_H 1
| #define HAVE_NETDB_H 1
| #define HAVE_NETINET_IN_H 1
| #define HAVE_STDDEF_H 1
| #define HAVE_STDLIB_H 1
| #define HAVE_STDINT_H 1
| #define HAVE_STRING_H 1
| #define HAVE_STRINGS_H 1
| #define HAVE_SYS_IOCTL_H 1
| #define HAVE_SYS_IPC_H 1
| #define HAVE_SYS_PARAM_H 1
| #define HAVE_SYS_SHM_H 1
| #define HAVE_SYS_SOCKET_H 1
| #define HAVE_SYS_SOUNDCARD_H 1
| #define HAVE_SYS_PARAM_H 1
| #define HAVE_SYS_TIME_H 1
| #define HAVE_SYS_TYPES_H 1
| #define HAVE_SYS_STAT_H 1
| #define HAVE_TERMIOS_H 1
| #define HAVE_X11_XLIB_H 1
| #define HAVE_UNISTD_H 1
| #define HAVE_STRINGIZE 1
| #define PROTOTYPES 1
| #define __PROTOTYPES 1
| #define HAVE_SSIZE_T 1
| /* end confdefs.h.  */
| #include <stdio.h>
| #if HAVE_SYS_TYPES_H
| # include <sys/types.h>
| #endif
| #if HAVE_SYS_STAT_H
| # include <sys/stat.h>
| #endif
| #if STDC_HEADERS
| # include <stdlib.h>
| # include <stddef.h>
| #else
| # if HAVE_STDLIB_H
| #  include <stdlib.h>
| # endif
| #endif
| #if HAVE_STRING_H
| # if !STDC_HEADERS && HAVE_MEMORY_H
| #  include <memory.h>
| # endif
| # include <string.h>
| #endif
| #if HAVE_STRINGS_H
| # include <strings.h>
| #endif
| #if HAVE_INTTYPES_H
| # include <inttypes.h>
| #else
| # if HAVE_STDINT_H
| #  include <stdint.h>
| # endif
| #endif
| #if HAVE_UNISTD_H
| # include <unistd.h>
| #endif
| int
| main ()
| {
| error_at_line (0, 0, "", 0, "");
|   ;
|   return 0;
| }
configure:10037: result: no
configure:10057: checking for unistd.h
configure:10062: result: yes
configure:10066: checking vfork.h usability
configure:10078: gcc -c -O2 -I/home/aleksandar_yanev/.local/include  conftest.c >&5
conftest.c:90:10: fatal error: vfork.h: No such file or directory
   90 | #include <vfork.h>
      |          ^~~~~~~~~
compilation terminated.
configure:10084: $? = 1
configure: failed program was:
| /* confdefs.h.  */
| 
| #define PACKAGE_NAME "TiMidity++"
| #define PACKAGE_TARNAME "TiMidity++"
| #define PACKAGE_VERSION "2.15.0"
| #define PACKAGE_STRING "TiMidity++ 2.15.0"
| #define PACKAGE_BUGREPORT "timidity-talk@lists.sourceforge.net"
| #define PACKAGE "TiMidity++"
| #define VERSION "2.15.0"
| #define NDEBUG 1
| #define DEFAULT_PATH "/home/aleksandar_yanev/.local/share/timidity"
| #define PKGDATADIR DEFAULT_PATH
| #define PKGLIBDIR "/home/aleksandar_yanev/.local/lib/timidity"
| #define HAVE_LIBM 1
| #define HAVE_GETHOSTBYNAME 1
| #define X_DISPLAY_MISSING 1
| #define HAVE_SYS_WAIT_H 1
| #define TIME_WITH_SYS_TIME 1
| #define HAVE_DIRENT_H 1
| #define HAVE_ARPA_INET_H 1
| #define HAVE_ERRNO_H 1
| #define HAVE_GETOPT_H 1
| #define HAVE_GLOB_H 1
| #define HAVE_DLFCN_H 1
| #define HAVE_FCNTL_H 1
| #define HAVE_INTTYPES_H 1
| #define HAVE_LIMITS_H 1
| #define HAVE_MALLOC_H 1
| #define HAVE_MEMORY_H 1
| #define HAVE_NETDB_H 1
| #define HAVE_NETINET_IN_H 1
| #define HAVE_STDDEF_H 1
| #define HAVE_STDLIB_H 1
| #define HAVE_STDINT_H 1
| #define HAVE_STRING_H 1
| #define HAVE_STRINGS_H 1
| #define HAVE_SYS_IOCTL_H 1
| #define HAVE_SYS_IPC_H 1
| #define HAVE_SYS_PARAM_H 1
| #define HAVE_SYS_SHM_H 1
| #define HAVE_SYS_SOCKET_H 1
| #define HAVE_SYS_SOUNDCARD_H 1
| #define HAVE_SYS_PARAM_H 1
| #define HAVE_SYS_TIME_H 1
| #define HAVE_SYS_TYPES_H 1
| #define HAVE_SYS_STAT_H 1
| #define HAVE_TERMIOS_H 1
| #define HAVE_X11_XLIB_H 1
| #define HAVE_UNISTD_H 1
| #define HAVE_STRINGIZE 1
| #define PROTOTYPES 1
| #define __PROTOTYPES 1
| #define HAVE_SSIZE_T 1
| #define HAVE_UNISTD_H 1
| /* end confdefs.h.  */
| #include <stdio.h>
| #if HAVE_SYS_TYPES_H
| # include <sys/types.h>
| #endif
| #if HAVE_SYS_STAT_H
| # include <sys/stat.h>
| #endif
| #if STDC_HEADERS
| # include <stdlib.h>
| # include <stddef.h>
| #else
| # if HAVE_STDLIB_H
| #  include <stdlib.h>
| # endif
| #endif
| #if HAVE_STRING_H
| # if !STDC_HEADERS && HAVE_MEMORY_H
| #  include <memory.h>
| # endif
| # include <string.h>
| #endif
| #if HAVE_STRINGS_H
| # include <strings.h>
| #endif
| #if HAVE_INTTYPES_H
| # include <inttypes.h>
| #else
| # if HAVE_STDINT_H
| #  include <stdint.h>
| # endif
| #endif
| #if HAVE_UNISTD_H
| # include <unistd.h>
| #endif
| #include <vfork.h>
configure:10107: result: no
configure:10111: checking vfork.h presence
configure:10121: gcc -E -I/home/aleksandar_yanev/.local/include  conftest.c
conftest.c:56:10: fatal error: vfork.h: No such file or directory
   56 | #include <vfork.h>
      |          ^~~~~~~~~
compilation terminated.
configure:10127: $? = 1
configure: failed program was:
| /* confdefs.h.  */
| 
| #define PACKAGE_NAME "TiMidity++"
| #define PACKAGE_TARNAME "TiMidity++"
| #define PACKAGE_VERSION "2.15.0"
| #define PACKAGE_STRING "TiMidity++ 2.15.0"
| #define PACKAGE_BUGREPORT "timidity-talk@lists.sourceforge.net"
| #define PACKAGE "TiMidity++"
| #define VERSION "2.15.0"
| #define NDEBUG 1
| #define DEFAULT_PATH "/home/aleksandar_yanev/.local/share/timidity"
| #define PKGDATADIR DEFAULT_PATH
| #define PKGLIBDIR "/home/aleksandar_yanev/.local/lib/timidity"
| #define HAVE_LIBM 1
| #define HAVE_GETHOSTBYNAME 1
| #define X_DISPLAY_MISSING 1
| #define HAVE_SYS_WAIT_H 1
| #define TIME_WITH_SYS_TIME 1
| #define HAVE_DIRENT_H 1
| #define HAVE_ARPA_INET_H 1
| #define HAVE_ERRNO_H 1
| #define HAVE_GETOPT_H 1
| #define HAVE_GLOB_H 1
| #define HAVE_DLFCN_H 1
| #define HAVE_FCNTL_H 1
| #define HAVE_INTTYPES_H 1
| #define HAVE_LIMITS_H 1
| #define HAVE_MALLOC_H 1
| #define HAVE_MEMORY_H 1
| #define HAVE_NETDB_H 1
| #define HAVE_NETINET_IN_H 1
| #define HAVE_STDDEF_H 1
| #define HAVE_STDLIB_H 1
| #define HAVE_STDINT_H 1
| #define HAVE_STRING_H 1
| #define HAVE_STRINGS_H 1
| #define HAVE_SYS_IOCTL_H 1
| #define HAVE_SYS_IPC_H 1
| #define HAVE_SYS_PARAM_H 1
| #define HAVE_SYS_SHM_H 1
| #define HAVE_SYS_SOCKET_H 1
| #define HAVE_SYS_SOUNDCARD_H 1
| #define HAVE_SYS_PARAM_H 1
| #define HAVE_SYS_TIME_H 1
| #define HAVE_SYS_TYPES_H 1
| #define HAVE_SYS_STAT_H 1
| #define HAVE_TERMIOS_H 1
| #define HAVE_X11_XLIB_H 1
| #define HAVE_UNISTD_H 1
| #define HAVE_STRINGIZE 1
| #define PROTOTYPES 1
| #define __PROTOTYPES 1
| #define HAVE_SSIZE_T 1
| #define HAVE_UNISTD_H 1
| /* end confdefs.h.  */
| #include <vfork.h>
configure:10147: result: no
configure:10182: checking for vfork.h
configure:10189: result: no
configure:10207: checking for fork
configure:10264: gcc -o conftest -O2 -I/home/aleksandar_yanev/.local/include  -L/home/aleksandar_yanev/.local/lib  conftest.c -lm  >&5
conftest.c:80:6: warning: conflicting types for built-in function 'fork'; expected 'int(void)' [-Wbuiltin-declaration-mismatch]
   80 | char fork ();
      |      ^~~~
configure:10270: $? = 0
configure:10274: test -z 
			 || test ! -s conftest.err
configure:10277: $? = 0
configure:10280: test -s conftest
configure:10283: $? = 0
configure:10295: result: yes
configure:10207: checking for vfork
configure:10264: gcc -o conftest -O2 -I/home/aleksandar_yanev/.local/include  -L/home/aleksandar_yanev/.local/lib  conftest.c -lm  >&5
configure:10270: $? = 0
configure:10274: test -z 
			 || test ! -s conftest.err
configure:10277: $? = 0
configure:10280: test -s conftest
configure:10283: $? = 0
configure:10295: result: yes
configure:10306: checking for working fork
configure:10329: gcc -o conftest -O2 -I/home/aleksandar_yanev/.local/include  -L/home/aleksandar_yanev/.local/lib  conftest.c -lm  >&5
conftest.c: In function 'main':
conftest.c:9:13: error: implicit declaration of function 'fork' [-Wimplicit-function-declaration]
    9 |         if (fork() < 0)
      |             ^~~~
conftest.c:10:11: error: implicit declaration of function 'exit' [-Wimplicit-function-declaration]
   10 |           exit (1);
      |           ^~~~
conftest.c:3:1: note: include '<stdlib.h>' or provide a declaration of 'exit'
    2 |       #include <sys/types.h>
  +++ |+#include <stdlib.h>
    3 |       #if HAVE_UNISTD_H
conftest.c:10:11: warning: incompatible implicit declaration of built-in function 'exit' [-Wbuiltin-declaration-mismatch]
   10 |           exit (1);
      |           ^~~~
conftest.c:10:11: note: include '<stdlib.h>' or provide a declaration of 'exit'
conftest.c:11:9: warning: incompatible implicit declaration of built-in function 'exit' [-Wbuiltin-declaration-mismatch]
   11 |         exit (0);
      |         ^~~~
conftest.c:11:9: note: include '<stdlib.h>' or provide a declaration of 'exit'
configure:10332: $? = 1
configure: program exited with status 1
configure: failed program was:
| /* By Ruediger Kuhlmann. */
|       #include <sys/types.h>
|       #if HAVE_UNISTD_H
|       # include <unistd.h>
|       #endif
|       /* Some systems only have a dummy stub for fork() */
|       int main ()
|       {
| 	if (fork() < 0)
| 	  exit (1);
| 	exit (0);
|       }
configure:10351: result: no
configure:10372: checking for working vfork
configure:10505: result: yes
configure:10537: checking for working memcmp
configure:10585: gcc -o conftest -O2 -I/home/aleksandar_yanev/.local/include  -L/home/aleksandar_yanev/.local/lib  conftest.c -lm  >&5
configure:10588: $? = 0
configure:10590: ./conftest
configure:10593: $? = 0
configure:10607: result: yes
configure:10625: checking for stdlib.h
configure:10630: result: yes
configure:10625: checking for unistd.h
configure:10630: result: yes
configure:10774: checking for getpagesize
configure:10831: gcc -o conftest -O2 -I/home/aleksandar_yanev/.local/include  -L/home/aleksandar_yanev/.local/lib  conftest.c -lm  >&5
configure:10837: $? = 0
configure:10841: test -z 
			 || test ! -s conftest.err
configure:10844: $? = 0
configure:10847: test -s conftest
configure:10850: $? = 0
configure:10862: result: yes
configure:10872: checking for working mmap
configure:11014: gcc -o conftest -O2 -I/home/aleksandar_yanev/.local/include  -L/home/aleksandar_yanev/.local/lib  conftest.c -lm  >&5
configure:11017: $? = 0
configure:11019: ./conftest
configure:11022: $? = 0
configure:11036: result: yes
configure:11048: checking whether setvbuf arguments are reversed
configure:11073: gcc -o conftest -O2 -I/home/aleksandar_yanev/.local/include  -L/home/aleksandar_yanev/.local/lib  conftest.c -lm  >&5
conftest.c:65:17: error: conflicting types for 'setvbuf'; have 'int(FILE *, int,  char *, size_t)' {aka 'int(FILE *, int,  char *, long unsigned int)'}
   65 |            int (setvbuf) (FILE *, int, char *, size_t);
      |                 ^~~~~~~
In file included from conftest.c:63:
/usr/include/stdio.h:339:12: note: previous declaration of 'setvbuf' with type 'int(FILE * restrict,  char * restrict,  int,  size_t)' {aka 'int(FILE * restrict,  char * restrict,  int,  long unsigned int)'}
  339 | extern int setvbuf (FILE *__restrict __stream, char *__restrict __buf,
      |            ^~~~~~~
configure:11079: $? = 1
configure: failed program was:
| /* confdefs.h.  */
| 
| #define PACKAGE_NAME "TiMidity++"
| #define PACKAGE_TARNAME "TiMidity++"
| #define PACKAGE_VERSION "2.15.0"
| #define PACKAGE_STRING "TiMidity++ 2.15.0"
| #define PACKAGE_BUGREPORT "timidity-talk@lists.sourceforge.net"
| #define PACKAGE "TiMidity++"
| #define VERSION "2.15.0"
| #define NDEBUG 1
| #define DEFAULT_PATH "/home/aleksandar_yanev/.local/share/timidity"
| #define PKGDATADIR DEFAULT_PATH
| #define PKGLIBDIR "/home/aleksandar_yanev/.local/lib/timidity"
| #define HAVE_LIBM 1
| #define HAVE_GETHOSTBYNAME 1
| #define X_DISPLAY_MISSING 1
| #define HAVE_SYS_WAIT_H 1
| #define TIME_WITH_SYS_TIME 1
| #define HAVE_DIRENT_H 1
| #define HAVE_ARPA_INET_H 1
| #define HAVE_ERRNO_H 1
| #define HAVE_GETOPT_H 1
| #define HAVE_GLOB_H 1
| #define HAVE_DLFCN_H 1
| #define HAVE_FCNTL_H 1
| #define HAVE_INTTYPES_H 1
| #define HAVE_LIMITS_H 1
| #define HAVE_MALLOC_H 1
| #define HAVE_MEMORY_H 1
| #define HAVE_NETDB_H 1
| #define HAVE_NETINET_IN_H 1
| #define HAVE_STDDEF_H 1
| #define HAVE_STDLIB_H 1
| #define HAVE_STDINT_H 1
| #define HAVE_STRING_H 1
| #define HAVE_STRINGS_H 1
| #define HAVE_SYS_IOCTL_H 1
| #define HAVE_SYS_IPC_H 1
| #define HAVE_SYS_PARAM_H 1
| #define HAVE_SYS_SHM_H 1
| #define HAVE_SYS_SOCKET_H 1
| #define HAVE_SYS_SOUNDCARD_H 1
| #define HAVE_SYS_PARAM_H 1
| #define HAVE_SYS_TIME_H 1
| #define HAVE_SYS_TYPES_H 1
| #define HAVE_SYS_STAT_H 1
| #define HAVE_TERMIOS_H 1
| #define HAVE_X11_XLIB_H 1
| #define HAVE_UNISTD_H 1
| #define HAVE_STRINGIZE 1
| #define PROTOTYPES 1
| #define __PROTOTYPES 1
| #define HAVE_SSIZE_T 1
| #define HAVE_UNISTD_H 1
| #define HAVE_FORK 1
| #define HAVE_VFORK 1
| #define HAVE_WORKING_VFORK 1
| #define HAVE_STDLIB_H 1
| #define HAVE_UNISTD_H 1
| #define HAVE_GETPAGESIZE 1
| #define HAVE_MMAP 1
| /* end confdefs.h.  */
| #include <stdio.h>
| #	  if PROTOTYPES
| 	   int (setvbuf) (FILE *, int, char *, size_t);
| #	  endif
| int
| main ()
| {
| char buf; return setvbuf (stdout, _IOLBF, &buf, 1);
|   ;
|   return 0;
| }
configure:11200: result: no
configure:11210: checking return type of signal handlers
configure:11241: gcc -c -O2 -I/home/aleksandar_yanev/.local/include  conftest.c >&5
configure:11247: $? = 0
configure:11251: test -z 
			 || test ! -s conftest.err
configure:11254: $? = 0
configure:11257: test -s conftest.o
configure:11260: $? = 0
configure:11271: result: void
configure:11284: checking for vprintf
configure:11341: gcc -o conftest -O2 -I/home/aleksandar_yanev/.local/include  -L/home/aleksandar_yanev/.local/lib  conftest.c -lm  >&5
conftest.c:88:6: warning: conflicting types for built-in function 'vprintf'; expected 'int(const char *, __va_list_tag *)' [-Wbuiltin-declaration-mismatch]
   88 | char vprintf ();
      |      ^~~~~~~
conftest.c:75:1: note: 'vprintf' is declared in header '<stdio.h>'
   74 | # include <limits.h>
   75 | #else
configure:11347: $? = 0
configure:11351: test -z 
			 || test ! -s conftest.err
configure:11354: $? = 0
configure:11357: test -s conftest
configure:11360: $? = 0
configure:11372: result: yes
configure:11379: checking for _doprnt
configure:11436: gcc -o conftest -O2 -I/home/aleksandar_yanev/.local/include  -L/home/aleksandar_yanev/.local/lib  conftest.c -lm  >&5
/usr/bin/ld: /tmp/ccTnbFNP.o: in function `main':
conftest.c:(.text.startup+0x3): undefined reference to `_doprnt'
/usr/bin/ld: /tmp/ccTnbFNP.o:(.data.rel+0x0): undefined reference to `_doprnt'
collect2: error: ld returned 1 exit status
configure:11442: $? = 1
configure: failed program was:
| /* confdefs.h.  */
| 
| #define PACKAGE_NAME "TiMidity++"
| #define PACKAGE_TARNAME "TiMidity++"
| #define PACKAGE_VERSION "2.15.0"
| #define PACKAGE_STRING "TiMidity++ 2.15.0"
| #define PACKAGE_BUGREPORT "timidity-talk@lists.sourceforge.net"
| #define PACKAGE "TiMidity++"
| #define VERSION "2.15.0"
| #define NDEBUG 1
| #define DEFAULT_PATH "/home/aleksandar_yanev/.local/share/timidity"
| #define PKGDATADIR DEFAULT_PATH
| #define PKGLIBDIR "/home/aleksandar_yanev/.local/lib/timidity"
| #define HAVE_LIBM 1
| #define HAVE_GETHOSTBYNAME 1
| #define X_DISPLAY_MISSING 1
| #define HAVE_SYS_WAIT_H 1
| #define TIME_WITH_SYS_TIME 1
| #define HAVE_DIRENT_H 1
| #define HAVE_ARPA_INET_H 1
| #define HAVE_ERRNO_H 1
| #define HAVE_GETOPT_H 1
| #define HAVE_GLOB_H 1
| #define HAVE_DLFCN_H 1
| #define HAVE_FCNTL_H 1
| #define HAVE_INTTYPES_H 1
| #define HAVE_LIMITS_H 1
| #define HAVE_MALLOC_H 1
| #define HAVE_MEMORY_H 1
| #define HAVE_NETDB_H 1
| #define HAVE_NETINET_IN_H 1
| #define HAVE_STDDEF_H 1
| #define HAVE_STDLIB_H 1
| #define HAVE_STDINT_H 1
| #define HAVE_STRING_H 1
| #define HAVE_STRINGS_H 1
| #define HAVE_SYS_IOCTL_H 1
| #define HAVE_SYS_IPC_H 1
| #define HAVE_SYS_PARAM_H 1
| #define HAVE_SYS_SHM_H 1
| #define HAVE_SYS_SOCKET_H 1
| #define HAVE_SYS_SOUNDCARD_H 1
| #define HAVE_SYS_PARAM_H 1
| #define HAVE_SYS_TIME_H 1
| #define HAVE_SYS_TYPES_H 1
| #define HAVE_SYS_STAT_H 1
| #define HAVE_TERMIOS_H 1
| #define HAVE_X11_XLIB_H 1
| #define HAVE_UNISTD_H 1
| #define HAVE_STRINGIZE 1
| #define PROTOTYPES 1
| #define __PROTOTYPES 1
| #define HAVE_SSIZE_T 1
| #define HAVE_UNISTD_H 1
| #define HAVE_FORK 1
| #define HAVE_VFORK 1
| #define HAVE_WORKING_VFORK 1
| #define HAVE_STDLIB_H 1
| #define HAVE_UNISTD_H 1
| #define HAVE_GETPAGESIZE 1
| #define HAVE_MMAP 1
| #define RETSIGTYPE void
| #define HAVE_VPRINTF 1
| /* end confdefs.h.  */
| /* Define _doprnt to an innocuous variant, in case <limits.h> declares _doprnt.
|    For example, HP-UX 11i <limits.h> declares gettimeofday.  */
| #define _doprnt innocuous__doprnt
| 
| /* System header to define __stub macros and hopefully few prototypes,
|     which can conflict with char _doprnt (); below.
|     Prefer <limits.h> to <assert.h> if __STDC__ is defined, since
|     <limits.h> exists even on freestanding compilers.  */
| 
| #ifdef __STDC__
| # include <limits.h>
| #else
| # include <assert.h>
| #endif
| 
| #undef _doprnt
| 
| /* Override any gcc2 internal prototype to avoid an error.  */
| #ifdef __cplusplus
| extern "C"
| {
| #endif
| /* We use char because int might match the return type of a gcc2
|    builtin and then its argument prototype would still apply.  */
| char _doprnt ();
| /* The GNU C library defines this for functions which it implements
|     to always fail with ENOSYS.  Some functions are actually named
|     something starting with __ and the normal name is an alias.  */
| #if defined (__stub__doprnt) || defined (__stub____doprnt)
| choke me
| #else
| char (*f) () = _doprnt;
| #endif
| #ifdef __cplusplus
| }
| #endif
| 
| int
| main ()
| {
| return f != _doprnt;
|   ;
|   return 0;
| }
configure:11467: result: no
configure:11557: checking for alarm
configure:11614: gcc -o conftest -O2 -I/home/aleksandar_yanev/.local/include  -L/home/aleksandar_yanev/.local/lib  conftest.c -lm  >&5
configure:11620: $? = 0
configure:11624: test -z 
			 || test ! -s conftest.err
configure:11627: $? = 0
configure:11630: test -s conftest
configure:11633: $? = 0
configure:11645: result: yes
configure:11557: checking for dup2
configure:11614: gcc -o conftest -O2 -I/home/aleksandar_yanev/.local/include  -L/home/aleksandar_yanev/.local/lib  conftest.c -lm  >&5
configure:11620: $? = 0
configure:11624: test -z 
			 || test ! -s conftest.err
configure:11627: $? = 0
configure:11630: test -s conftest
configure:11633: $? = 0
configure:11645: result: yes
configure:11557: checking for floor
configure:11614: gcc -o conftest -O2 -I/home/aleksandar_yanev/.local/include  -L/home/aleksandar_yanev/.local/lib  conftest.c -lm  >&5
conftest.c:91:6: warning: conflicting types for built-in function 'floor'; expected 'double(double)' [-Wbuiltin-declaration-mismatch]
   91 | char floor ();
      |      ^~~~~
conftest.c:78:1: note: 'floor' is declared in header '<math.h>'
   77 | # include <limits.h>
   78 | #else
configure:11620: $? = 0
configure:11624: test -z 
			 || test ! -s conftest.err
configure:11627: $? = 0
configure:11630: test -s conftest
configure:11633: $? = 0
configure:11645: result: yes
configure:11557: checking for getcwd
configure:11614: gcc -o conftest -O2 -I/home/aleksandar_yanev/.local/include  -L/home/aleksandar_yanev/.local/lib  conftest.c -lm  >&5
configure:11620: $? = 0
configure:11624: test -z 
			 || test ! -s conftest.err
configure:11627: $? = 0
configure:11630: test -s conftest
configure:11633: $? = 0
configure:11645: result: yes
configure:11557: checking for gethostbyname
configure:11645: result: yes
configure:11557: checking for getopt
configure:11614: gcc -o conftest -O2 -I/home/aleksandar_yanev/.local/include  -L/home/aleksandar_yanev/.local/lib  conftest.c -lm  >&5
configure:11620: $? = 0
configure:11624: test -z 
			 || test ! -s conftest.err
configure:11627: $? = 0
configure:11630: test -s conftest
configure:11633: $? = 0
configure:11645: result: yes
configure:11557: checking for gettimeofday
configure:11614: gcc -o conftest -O2 -I/home/aleksandar_yanev/.local/include  -L/home/aleksandar_yanev/.local/lib  conftest.c -lm  >&5
configure:11620: $? = 0
configure:11624: test -z 
			 || test ! -s conftest.err
configure:11627: $? = 0
configure:11630: test -s conftest
configure:11633: $? = 0
configure:11645: result: yes
configure:11557: checking for getwd
configure:11614: gcc -o conftest -O2 -I/home/aleksandar_yanev/.local/include  -L/home/aleksandar_yanev/.local/lib  conftest.c -lm  >&5
/usr/bin/ld: /tmp/ccxMqNAh.o: in function `main':
conftest.c:(.text.startup+0x3): warning: the `getwd' function is dangerous and should not be used.
configure:11620: $? = 0
configure:11624: test -z 
			 || test ! -s conftest.err
configure:11627: $? = 0
configure:11630: test -s conftest
configure:11633: $? = 0
configure:11645: result: yes
configure:11557: checking for isatty
configure:11614: gcc -o conftest -O2 -I/home/aleksandar_yanev/.local/include  -L/home/aleksandar_yanev/.local/lib  conftest.c -lm  >&5
configure:11620: $? = 0
configure:11624: test -z 
			 || test ! -s conftest.err
configure:11627: $? = 0
configure:11630: test -s conftest
configure:11633: $? = 0
configure:11645: result: yes
configure:11557: checking for memchr
configure:11614: gcc -o conftest -O2 -I/home/aleksandar_yanev/.local/include  -L/home/aleksandar_yanev/.local/lib  conftest.c -lm  >&5
conftest.c:98:6: warning: conflicting types for built-in function 'memchr'; expected 'void *(const void *, int,  long unsigned int)' [-Wbuiltin-declaration-mismatch]
   98 | char memchr ();
      |      ^~~~~~
conftest.c:85:1: note: 'memchr' is declared in header '<string.h>'
   84 | # include <limits.h>
   85 | #else
configure:11620: $? = 0
configure:11624: test -z 
			 || test ! -s conftest.err
configure:11627: $? = 0
configure:11630: test -s conftest
configure:11633: $? = 0
configure:11645: result: yes
configure:11557: checking for memmove
configure:11614: gcc -o conftest -O2 -I/home/aleksandar_yanev/.local/include  -L/home/aleksandar_yanev/.local/lib  conftest.c -lm  >&5
conftest.c:99:6: warning: conflicting types for built-in function 'memmove'; expected 'void *(void *, const void *, long unsigned int)' [-Wbuiltin-declaration-mismatch]
   99 | char memmove ();
      |      ^~~~~~~
conftest.c:86:1: note: 'memmove' is declared in header '<string.h>'
   85 | # include <limits.h>
   86 | #else
configure:11620: $? = 0
configure:11624: test -z 
			 || test ! -s conftest.err
configure:11627: $? = 0
configure:11630: test -s conftest
configure:11633: $? = 0
configure:11645: result: yes
configure:11557: checking for memset
configure:11614: gcc -o conftest -O2 -I/home/aleksandar_yanev/.local/include  -L/home/aleksandar_yanev/.local/lib  conftest.c -lm  >&5
conftest.c:100:6: warning: conflicting types for built-in function 'memset'; expected 'void *(void *, int,  long unsigned int)' [-Wbuiltin-declaration-mismatch]
  100 | char memset ();
      |      ^~~~~~
conftest.c:87:1: note: 'memset' is declared in header '<string.h>'
   86 | # include <limits.h>
   87 | #else
configure:11620: $? = 0
configure:11624: test -z 
			 || test ! -s conftest.err
configure:11627: $? = 0
configure:11630: test -s conftest
configure:11633: $? = 0
configure:11645: result: yes
configure:11557: checking for mkstemp
configure:11614: gcc -o conftest -O2 -I/home/aleksandar_yanev/.local/include  -L/home/aleksandar_yanev/.local/lib  conftest.c -lm  >&5
configure:11620: $? = 0
configure:11624: test -z 
			 || test ! -s conftest.err
configure:11627: $? = 0
configure:11630: test -s conftest
configure:11633: $? = 0
configure:11645: result: yes
configure:11557: checking for modf
configure:11614: gcc -o conftest -O2 -I/home/aleksandar_yanev/.local/include  -L/home/aleksandar_yanev/.local/lib  conftest.c -lm  >&5
conftest.c:102:6: warning: conflicting types for built-in function 'modf'; expected 'double(double,  double *)' [-Wbuiltin-declaration-mismatch]
  102 | char modf ();
      |      ^~~~
conftest.c:89:1: note: 'modf' is declared in header '<math.h>'
   88 | # include <limits.h>
   89 | #else
configure:11620: $? = 0
configure:11624: test -z 
			 || test ! -s conftest.err
configure:11627: $? = 0
configure:11630: test -s conftest
configure:11633: $? = 0
configure:11645: result: yes
configure:11557: checking for munmap
configure:11614: gcc -o conftest -O2 -I/home/aleksandar_yanev/.local/include  -L/home/aleksandar_yanev/.local/lib  conftest.c -lm  >&5
configure:11620: $? = 0
configure:11624: test -z 
			 || test ! -s conftest.err
configure:11627: $? = 0
configure:11630: test -s conftest
configure:11633: $? = 0
configure:11645: result: yes
configure:11557: checking for popen
configure:11614: gcc -o conftest -O2 -I/home/aleksandar_yanev/.local/include  -L/home/aleksandar_yanev/.local/lib  conftest.c -lm  >&5
configure:11620: $? = 0
configure:11624: test -z 
			 || test ! -s conftest.err
configure:11627: $? = 0
configure:11630: test -s conftest
configure:11633: $? = 0
configure:11645: result: yes
configure:11557: checking for pow
configure:11614: gcc -o conftest -O2 -I/home/aleksandar_yanev/.local/include  -L/home/aleksandar_yanev/.local/lib  conftest.c -lm  >&5
conftest.c:105:6: warning: conflicting types for built-in function 'pow'; expected 'double(double,  double)' [-Wbuiltin-declaration-mismatch]
  105 | char pow ();
      |      ^~~
conftest.c:92:1: note: 'pow' is declared in header '<math.h>'
   91 | # include <limits.h>
   92 | #else
configure:11620: $? = 0
configure:11624: test -z 
			 || test ! -s conftest.err
configure:11627: $? = 0
configure:11630: test -s conftest
configure:11633: $? = 0
configure:11645: result: yes
configure:11557: checking for select
configure:11614: gcc -o conftest -O2 -I/home/aleksandar_yanev/.local/include  -L/home/aleksandar_yanev/.local/lib  conftest.c -lm  >&5
configure:11620: $? = 0
configure:11624: test -z 
			 || test ! -s conftest.err
configure:11627: $? = 0
configure:11630: test -s conftest
configure:11633: $? = 0
configure:11645: result: yes
configure:11557: checking for signal
configure:11614: gcc -o conftest -O2 -I/home/aleksandar_yanev/.local/include  -L/home/aleksandar_yanev/.local/lib  conftest.c -lm  >&5
configure:11620: $? = 0
configure:11624: test -z 
			 || test ! -s conftest.err
configure:11627: $? = 0
configure:11630: test -s conftest
configure:11633: $? = 0
configure:11645: result: yes
configure:11557: checking for socket
configure:11614: gcc -o conftest -O2 -I/home/aleksandar_yanev/.local/include  -L/home/aleksandar_yanev/.local/lib  conftest.c -lm  >&5
configure:11620: $? = 0
configure:11624: test -z 
			 || test ! -s conftest.err
configure:11627: $? = 0
configure:11630: test -s conftest
configure:11633: $? = 0
configure:11645: result: yes
configure:11557: checking for sleep
configure:11614: gcc -o conftest -O2 -I/home/aleksandar_yanev/.local/include  -L/home/aleksandar_yanev/.local/lib  conftest.c -lm  >&5
configure:11620: $? = 0
configure:11624: test -z 
			 || test ! -s conftest.err
configure:11627: $? = 0
configure:11630: test -s conftest
configure:11633: $? = 0
configure:11645: result: yes
configure:11557: checking for vsnprintf
configure:11614: gcc -o conftest -O2 -I/home/aleksandar_yanev/.local/include  -L/home/aleksandar_yanev/.local/lib  conftest.c -lm  >&5
conftest.c:110:6: warning: conflicting types for built-in function 'vsnprintf'; expected 'int(char *, long unsigned int,  const char *, __va_list_tag *)' [-Wbuiltin-declaration-mismatch]
  110 | char vsnprintf ();
      |      ^~~~~~~~~
conftest.c:97:1: note: 'vsnprintf' is declared in header '<stdio.h>'
   96 | # include <limits.h>
   97 | #else
configure:11620: $? = 0
configure:11624: test -z 
			 || test ! -s conftest.err
configure:11627: $? = 0
configure:11630: test -s conftest
configure:11633: $? = 0
configure:11645: result: yes
configure:11557: checking for snprintf
configure:11614: gcc -o conftest -O2 -I/home/aleksandar_yanev/.local/include  -L/home/aleksandar_yanev/.local/lib  conftest.c -lm  >&5
conftest.c:111:6: warning: conflicting types for built-in function 'snprintf'; expected 'int(char *, long unsigned int,  const char *, ...)' [-Wbuiltin-declaration-mismatch]
  111 | char snprintf ();
      |      ^~~~~~~~
conftest.c:98:1: note: 'snprintf' is declared in header '<stdio.h>'
   97 | # include <limits.h>
   98 | #else
configure:11620: $? = 0
configure:11624: test -z 
			 || test ! -s conftest.err
configure:11627: $? = 0
configure:11630: test -s conftest
configure:11633: $? = 0
configure:11645: result: yes
configure:11557: checking for sqrt
configure:11614: gcc -o conftest -O2 -I/home/aleksandar_yanev/.local/include  -L/home/aleksandar_yanev/.local/lib  conftest.c -lm  >&5
conftest.c:112:6: warning: conflicting types for built-in function 'sqrt'; expected 'double(double)' [-Wbuiltin-declaration-mismatch]
  112 | char sqrt ();
      |      ^~~~
conftest.c:99:1: note: 'sqrt' is declared in header '<math.h>'
   98 | # include <limits.h>
   99 | #else
configure:11620: $? = 0
configure:11624: test -z 
			 || test ! -s conftest.err
configure:11627: $? = 0
configure:11630: test -s conftest
configure:11633: $? = 0
configure:11645: result: yes
configure:11557: checking for strchr
configure:11614: gcc -o conftest -O2 -I/home/aleksandar_yanev/.local/include  -L/home/aleksandar_yanev/.local/lib  conftest.c -lm  >&5
conftest.c:113:6: warning: conflicting types for built-in function 'strchr'; expected 'char *(const char *, int)' [-Wbuiltin-declaration-mismatch]
  113 | char strchr ();
      |      ^~~~~~
conftest.c:100:1: note: 'strchr' is declared in header '<string.h>'
   99 | # include <limits.h>
  100 | #else
configure:11620: $? = 0
configure:11624: test -z 
			 || test ! -s conftest.err
configure:11627: $? = 0
configure:11630: test -s conftest
configure:11633: $? = 0
configure:11645: result: yes
configure:11557: checking for strdup
configure:11614: gcc -o conftest -O2 -I/home/aleksandar_yanev/.local/include  -L/home/aleksandar_yanev/.local/lib  conftest.c -lm  >&5
conftest.c:114:6: warning: conflicting types for built-in function 'strdup'; expected 'char *(const char *)' [-Wbuiltin-declaration-mismatch]
  114 | char strdup ();
      |      ^~~~~~
configure:11620: $? = 0
configure:11624: test -z 
			 || test ! -s conftest.err
configure:11627: $? = 0
configure:11630: test -s conftest
configure:11633: $? = 0
configure:11645: result: yes
configure:11557: checking for strstr
configure:11614: gcc -o conftest -O2 -I/home/aleksandar_yanev/.local/include  -L/home/aleksandar_yanev/.local/lib  conftest.c -lm  >&5
conftest.c:115:6: warning: conflicting types for built-in function 'strstr'; expected 'char *(const char *, const char *)' [-Wbuiltin-declaration-mismatch]
  115 | char strstr ();
      |      ^~~~~~
conftest.c:102:1: note: 'strstr' is declared in header '<string.h>'
  101 | # include <limits.h>
  102 | #else
configure:11620: $? = 0
configure:11624: test -z 
			 || test ! -s conftest.err
configure:11627: $? = 0
configure:11630: test -s conftest
configure:11633: $? = 0
configure:11645: result: yes
configure:11557: checking for strerror
configure:11614: gcc -o conftest -O2 -I/home/aleksandar_yanev/.local/include  -L/home/aleksandar_yanev/.local/lib  conftest.c -lm  >&5
configure:11620: $? = 0
configure:11624: test -z 
			 || test ! -s conftest.err
configure:11627: $? = 0
configure:11630: test -s conftest
configure:11633: $? = 0
configure:11645: result: yes
configure:11557: checking for strcasecmp
configure:11614: gcc -o conftest -O2 -I/home/aleksandar_yanev/.local/include  -L/home/aleksandar_yanev/.local/lib  conftest.c -lm  >&5
conftest.c:117:6: warning: conflicting types for built-in function 'strcasecmp'; expected 'int(const char *, const char *)' [-Wbuiltin-declaration-mismatch]
  117 | char strcasecmp ();
      |      ^~~~~~~~~~
configure:11620: $? = 0
configure:11624: test -z 
			 || test ! -s conftest.err
configure:11627: $? = 0
configure:11630: test -s conftest
configure:11633: $? = 0
configure:11645: result: yes
configure:11557: checking for strncasecmp
configure:11614: gcc -o conftest -O2 -I/home/aleksandar_yanev/.local/include  -L/home/aleksandar_yanev/.local/lib  conftest.c -lm  >&5
conftest.c:118:6: warning: conflicting types for built-in function 'strncasecmp'; expected 'int(const char *, const char *, long unsigned int)' [-Wbuiltin-declaration-mismatch]
  118 | char strncasecmp ();
      |      ^~~~~~~~~~~
configure:11620: $? = 0
configure:11624: test -z 
			 || test ! -s conftest.err
configure:11627: $? = 0
configure:11630: test -s conftest
configure:11633: $? = 0
configure:11645: result: yes
configure:11557: checking for strrchr
configure:11614: gcc -o conftest -O2 -I/home/aleksandar_yanev/.local/include  -L/home/aleksandar_yanev/.local/lib  conftest.c -lm  >&5
conftest.c:119:6: warning: conflicting types for built-in function 'strrchr'; expected 'char *(const char *, int)' [-Wbuiltin-declaration-mismatch]
  119 | char strrchr ();
      |      ^~~~~~~
conftest.c:106:1: note: 'strrchr' is declared in header '<string.h>'
  105 | # include <limits.h>
  106 | #else
configure:11620: $? = 0
configure:11624: test -z 
			 || test ! -s conftest.err
configure:11627: $? = 0
configure:11630: test -s conftest
configure:11633: $? = 0
configure:11645: result: yes
configure:11557: checking for strstr
configure:11645: result: yes
configure:11557: checking for strtol
configure:11614: gcc -o conftest -O2 -I/home/aleksandar_yanev/.local/include  -L/home/aleksandar_yanev/.local/lib  conftest.c -lm  >&5
configure:11620: $? = 0
configure:11624: test -z 
			 || test ! -s conftest.err
configure:11627: $? = 0
configure:11630: test -s conftest
configure:11633: $? = 0
configure:11645: result: yes
configure:11557: checking for strlcat
configure:11614: gcc -o conftest -O2 -I/home/aleksandar_yanev/.local/include  -L/home/aleksandar_yanev/.local/lib  conftest.c -lm  >&5
configure:11620: $? = 0
configure:11624: test -z 
			 || test ! -s conftest.err
configure:11627: $? = 0
configure:11630: test -s conftest
configure:11633: $? = 0
configure:11645: result: yes
configure:11557: checking for strlcpy
configure:11614: gcc -o conftest -O2 -I/home/aleksandar_yanev/.local/include  -L/home/aleksandar_yanev/.local/lib  conftest.c -lm  >&5
configure:11620: $? = 0
configure:11624: test -z 
			 || test ! -s conftest.err
configure:11627: $? = 0
configure:11630: test -s conftest
configure:11633: $? = 0
configure:11645: result: yes
configure:11557: checking for usleep
configure:11614: gcc -o conftest -O2 -I/home/aleksandar_yanev/.local/include  -L/home/aleksandar_yanev/.local/lib  conftest.c -lm  >&5
configure:11620: $? = 0
configure:11624: test -z 
			 || test ! -s conftest.err
configure:11627: $? = 0
configure:11630: test -s conftest
configure:11633: $? = 0
configure:11645: result: yes
configure:11783: checking for getopt_long
configure:11840: gcc -o conftest -O2 -I/home/aleksandar_yanev/.local/include  -L/home/aleksandar_yanev/.local/lib  conftest.c -lm  >&5
configure:11846: $? = 0
configure:11850: test -z 
			 || test ! -s conftest.err
configure:11853: $? = 0
configure:11856: test -s conftest
configure:11859: $? = 0
configure:11871: result: yes
configure:11895: checking for open_memstream
configure:11952: gcc -o conftest -O2 -I/home/aleksandar_yanev/.local/include  -L/home/aleksandar_yanev/.local/lib  conftest.c -lm  >&5
configure:11958: $? = 0
configure:11962: test -z 
			 || test ! -s conftest.err
configure:11965: $? = 0
configure:11968: test -s conftest
configure:11971: $? = 0
configure:11983: result: yes
configure:11997: checking for an implementation of va_copy()
configure:12032: gcc -o conftest -O2 -I/home/aleksandar_yanev/.local/include  -L/home/aleksandar_yanev/.local/lib  conftest.c -lm  >&5
conftest.c: In function 'f':
conftest.c:110:11: error: implicit declaration of function 'exit' [-Wimplicit-function-declaration]
  110 |           exit (1);
      |           ^~~~
conftest.c:105:8: note: include '<stdlib.h>' or provide a declaration of 'exit'
  104 |         #include <stdarg.h>
  +++ |+#include <stdlib.h>
  105 |         void f (int i, ...) {
conftest.c:110:11: warning: incompatible implicit declaration of built-in function 'exit' [-Wbuiltin-declaration-mismatch]
  110 |           exit (1);
      |           ^~~~
conftest.c:110:11: note: include '<stdlib.h>' or provide a declaration of 'exit'
configure:12035: $? = 1
configure: program exited with status 1
configure: failed program was:
| /* confdefs.h.  */
| 
| #define PACKAGE_NAME "TiMidity++"
| #define PACKAGE_TARNAME "TiMidity++"
| #define PACKAGE_VERSION "2.15.0"
| #define PACKAGE_STRING "TiMidity++ 2.15.0"
| #define PACKAGE_BUGREPORT "timidity-talk@lists.sourceforge.net"
| #define PACKAGE "TiMidity++"
| #define VERSION "2.15.0"
| #define NDEBUG 1
| #define DEFAULT_PATH "/home/aleksandar_yanev/.local/share/timidity"
| #define PKGDATADIR DEFAULT_PATH
| #define PKGLIBDIR "/home/aleksandar_yanev/.local/lib/timidity"
| #define HAVE_LIBM 1
| #define HAVE_GETHOSTBYNAME 1
| #define X_DISPLAY_MISSING 1
| #define HAVE_SYS_WAIT_H 1
| #define TIME_WITH_SYS_TIME 1
| #define HAVE_DIRENT_H 1
| #define HAVE_ARPA_INET_H 1
| #define HAVE_ERRNO_H 1
| #define HAVE_GETOPT_H 1
| #define HAVE_GLOB_H 1
| #define HAVE_DLFCN_H 1
| #define HAVE_FCNTL_H 1
| #define HAVE_INTTYPES_H 1
| #define HAVE_LIMITS_H 1
| #define HAVE_MALLOC_H 1
| #define HAVE_MEMORY_H 1
| #define HAVE_NETDB_H 1
| #define HAVE_NETINET_IN_H 1
| #define HAVE_STDDEF_H 1
| #define HAVE_STDLIB_H 1
| #define HAVE_STDINT_H 1
| #define HAVE_STRING_H 1
| #define HAVE_STRINGS_H 1
| #define HAVE_SYS_IOCTL_H 1
| #define HAVE_SYS_IPC_H 1
| #define HAVE_SYS_PARAM_H 1
| #define HAVE_SYS_SHM_H 1
| #define HAVE_SYS_SOCKET_H 1
| #define HAVE_SYS_SOUNDCARD_H 1
| #define HAVE_SYS_PARAM_H 1
| #define HAVE_SYS_TIME_H 1
| #define HAVE_SYS_TYPES_H 1
| #define HAVE_SYS_STAT_H 1
| #define HAVE_TERMIOS_H 1
| #define HAVE_X11_XLIB_H 1
| #define HAVE_UNISTD_H 1
| #define HAVE_STRINGIZE 1
| #define PROTOTYPES 1
| #define __PROTOTYPES 1
| #define HAVE_SSIZE_T 1
| #define HAVE_UNISTD_H 1
| #define HAVE_FORK 1
| #define HAVE_VFORK 1
| #define HAVE_WORKING_VFORK 1
| #define HAVE_STDLIB_H 1
| #define HAVE_UNISTD_H 1
| #define HAVE_GETPAGESIZE 1
| #define HAVE_MMAP 1
| #define RETSIGTYPE void
| #define HAVE_VPRINTF 1
| #define HAVE_ALARM 1
| #define HAVE_DUP2 1
| #define HAVE_FLOOR 1
| #define HAVE_GETCWD 1
| #define HAVE_GETHOSTBYNAME 1
| #define HAVE_GETOPT 1
| #define HAVE_GETTIMEOFDAY 1
| #define HAVE_GETWD 1
| #define HAVE_ISATTY 1
| #define HAVE_MEMCHR 1
| #define HAVE_MEMMOVE 1
| #define HAVE_MEMSET 1
| #define HAVE_MKSTEMP 1
| #define HAVE_MODF 1
| #define HAVE_MUNMAP 1
| #define HAVE_POPEN 1
| #define HAVE_POW 1
| #define HAVE_SELECT 1
| #define HAVE_SIGNAL 1
| #define HAVE_SOCKET 1
| #define HAVE_SLEEP 1
| #define HAVE_VSNPRINTF 1
| #define HAVE_SNPRINTF 1
| #define HAVE_SQRT 1
| #define HAVE_STRCHR 1
| #define HAVE_STRDUP 1
| #define HAVE_STRSTR 1
| #define HAVE_STRERROR 1
| #define HAVE_STRCASECMP 1
| #define HAVE_STRNCASECMP 1
| #define HAVE_STRRCHR 1
| #define HAVE_STRSTR 1
| #define HAVE_STRTOL 1
| #define HAVE_STRLCAT 1
| #define HAVE_STRLCPY 1
| #define HAVE_USLEEP 1
| #define HAVE_GETOPT_LONG 1
| #define HAVE_OPEN_MEMSTREAM 1
| /* end confdefs.h.  */
| 
| 	#include <stdarg.h>
| 	void f (int i, ...) {
| 	va_list args1, args2;
| 	va_start (args1, i);
| 	va_copy (args2, args1);
| 	if (va_arg (args2, int) != 42 || va_arg (args1, int) != 42)
| 	  exit (1);
| 	va_end (args1); va_end (args2);
| 	}
| 	int main() {
| 	  f (0, 42);
| 	  return 0;
| 	}
configure:12055: result: no
configure:12058: checking for an implementation of __va_copy()
configure:12093: gcc -o conftest -O2 -I/home/aleksandar_yanev/.local/include  -L/home/aleksandar_yanev/.local/lib  conftest.c -lm  >&5
conftest.c: In function 'f':
conftest.c:110:11: error: implicit declaration of function 'exit' [-Wimplicit-function-declaration]
  110 |           exit (1);
      |           ^~~~
conftest.c:105:8: note: include '<stdlib.h>' or provide a declaration of 'exit'
  104 |         #include <stdarg.h>
  +++ |+#include <stdlib.h>
  105 |         void f (int i, ...) {
conftest.c:110:11: warning: incompatible implicit declaration of built-in function 'exit' [-Wbuiltin-declaration-mismatch]
  110 |           exit (1);
      |           ^~~~
conftest.c:110:11: note: include '<stdlib.h>' or provide a declaration of 'exit'
configure:12096: $? = 1
configure: program exited with status 1
configure: failed program was:
| /* confdefs.h.  */
| 
| #define PACKAGE_NAME "TiMidity++"
| #define PACKAGE_TARNAME "TiMidity++"
| #define PACKAGE_VERSION "2.15.0"
| #define PACKAGE_STRING "TiMidity++ 2.15.0"
| #define PACKAGE_BUGREPORT "timidity-talk@lists.sourceforge.net"
| #define PACKAGE "TiMidity++"
| #define VERSION "2.15.0"
| #define NDEBUG 1
| #define DEFAULT_PATH "/home/aleksandar_yanev/.local/share/timidity"
| #define PKGDATADIR DEFAULT_PATH
| #define PKGLIBDIR "/home/aleksandar_yanev/.local/lib/timidity"
| #define HAVE_LIBM 1
| #define HAVE_GETHOSTBYNAME 1
| #define X_DISPLAY_MISSING 1
| #define HAVE_SYS_WAIT_H 1
| #define TIME_WITH_SYS_TIME 1
| #define HAVE_DIRENT_H 1
| #define HAVE_ARPA_INET_H 1
| #define HAVE_ERRNO_H 1
| #define HAVE_GETOPT_H 1
| #define HAVE_GLOB_H 1
| #define HAVE_DLFCN_H 1
| #define HAVE_FCNTL_H 1
| #define HAVE_INTTYPES_H 1
| #define HAVE_LIMITS_H 1
| #define HAVE_MALLOC_H 1
| #define HAVE_MEMORY_H 1
| #define HAVE_NETDB_H 1
| #define HAVE_NETINET_IN_H 1
| #define HAVE_STDDEF_H 1
| #define HAVE_STDLIB_H 1
| #define HAVE_STDINT_H 1
| #define HAVE_STRING_H 1
| #define HAVE_STRINGS_H 1
| #define HAVE_SYS_IOCTL_H 1
| #define HAVE_SYS_IPC_H 1
| #define HAVE_SYS_PARAM_H 1
| #define HAVE_SYS_SHM_H 1
| #define HAVE_SYS_SOCKET_H 1
| #define HAVE_SYS_SOUNDCARD_H 1
| #define HAVE_SYS_PARAM_H 1
| #define HAVE_SYS_TIME_H 1
| #define HAVE_SYS_TYPES_H 1
| #define HAVE_SYS_STAT_H 1
| #define HAVE_TERMIOS_H 1
| #define HAVE_X11_XLIB_H 1
| #define HAVE_UNISTD_H 1
| #define HAVE_STRINGIZE 1
| #define PROTOTYPES 1
| #define __PROTOTYPES 1
| #define HAVE_SSIZE_T 1
| #define HAVE_UNISTD_H 1
| #define HAVE_FORK 1
| #define HAVE_VFORK 1
| #define HAVE_WORKING_VFORK 1
| #define HAVE_STDLIB_H 1
| #define HAVE_UNISTD_H 1
| #define HAVE_GETPAGESIZE 1
| #define HAVE_MMAP 1
| #define RETSIGTYPE void
| #define HAVE_VPRINTF 1
| #define HAVE_ALARM 1
| #define HAVE_DUP2 1
| #define HAVE_FLOOR 1
| #define HAVE_GETCWD 1
| #define HAVE_GETHOSTBYNAME 1
| #define HAVE_GETOPT 1
| #define HAVE_GETTIMEOFDAY 1
| #define HAVE_GETWD 1
| #define HAVE_ISATTY 1
| #define HAVE_MEMCHR 1
| #define HAVE_MEMMOVE 1
| #define HAVE_MEMSET 1
| #define HAVE_MKSTEMP 1
| #define HAVE_MODF 1
| #define HAVE_MUNMAP 1
| #define HAVE_POPEN 1
| #define HAVE_POW 1
| #define HAVE_SELECT 1
| #define HAVE_SIGNAL 1
| #define HAVE_SOCKET 1
| #define HAVE_SLEEP 1
| #define HAVE_VSNPRINTF 1
| #define HAVE_SNPRINTF 1
| #define HAVE_SQRT 1
| #define HAVE_STRCHR 1
| #define HAVE_STRDUP 1
| #define HAVE_STRSTR 1
| #define HAVE_STRERROR 1
| #define HAVE_STRCASECMP 1
| #define HAVE_STRNCASECMP 1
| #define HAVE_STRRCHR 1
| #define HAVE_STRSTR 1
| #define HAVE_STRTOL 1
| #define HAVE_STRLCAT 1
| #define HAVE_STRLCPY 1
| #define HAVE_USLEEP 1
| #define HAVE_GETOPT_LONG 1
| #define HAVE_OPEN_MEMSTREAM 1
| /* end confdefs.h.  */
| 
| 	#include <stdarg.h>
| 	void f (int i, ...) {
| 	va_list args1, args2;
| 	va_start (args1, i);
| 	__va_copy (args2, args1);
| 	if (va_arg (args2, int) != 42 || va_arg (args1, int) != 42)
| 	  exit (1);
| 	va_end (args1); va_end (args2);
| 	}
| 	int main() {
| 	  f (0, 42);
| 	  return 0;
| 	}
configure:12116: result: no
configure:12134: checking whether va_lists can be copied by value
configure:12169: gcc -o conftest -O2 -I/home/aleksandar_yanev/.local/include  -L/home/aleksandar_yanev/.local/lib  conftest.c -lm  >&5
conftest.c: In function 'f':
conftest.c:108:15: error: assignment to expression with array type
  108 |         args2 = args1;
      |               ^
conftest.c:110:11: error: implicit declaration of function 'exit' [-Wimplicit-function-declaration]
  110 |           exit (1);
      |           ^~~~
conftest.c:105:8: note: include '<stdlib.h>' or provide a declaration of 'exit'
  104 |         #include <stdarg.h>
  +++ |+#include <stdlib.h>
  105 |         void f (int i, ...) {
conftest.c:110:11: warning: incompatible implicit declaration of built-in function 'exit' [-Wbuiltin-declaration-mismatch]
  110 |           exit (1);
      |           ^~~~
conftest.c:110:11: note: include '<stdlib.h>' or provide a declaration of 'exit'
configure:12172: $? = 1
configure: program exited with status 1
configure: failed program was:
| /* confdefs.h.  */
| 
| #define PACKAGE_NAME "TiMidity++"
| #define PACKAGE_TARNAME "TiMidity++"
| #define PACKAGE_VERSION "2.15.0"
| #define PACKAGE_STRING "TiMidity++ 2.15.0"
| #define PACKAGE_BUGREPORT "timidity-talk@lists.sourceforge.net"
| #define PACKAGE "TiMidity++"
| #define VERSION "2.15.0"
| #define NDEBUG 1
| #define DEFAULT_PATH "/home/aleksandar_yanev/.local/share/timidity"
| #define PKGDATADIR DEFAULT_PATH
| #define PKGLIBDIR "/home/aleksandar_yanev/.local/lib/timidity"
| #define HAVE_LIBM 1
| #define HAVE_GETHOSTBYNAME 1
| #define X_DISPLAY_MISSING 1
| #define HAVE_SYS_WAIT_H 1
| #define TIME_WITH_SYS_TIME 1
| #define HAVE_DIRENT_H 1
| #define HAVE_ARPA_INET_H 1
| #define HAVE_ERRNO_H 1
| #define HAVE_GETOPT_H 1
| #define HAVE_GLOB_H 1
| #define HAVE_DLFCN_H 1
| #define HAVE_FCNTL_H 1
| #define HAVE_INTTYPES_H 1
| #define HAVE_LIMITS_H 1
| #define HAVE_MALLOC_H 1
| #define HAVE_MEMORY_H 1
| #define HAVE_NETDB_H 1
| #define HAVE_NETINET_IN_H 1
| #define HAVE_STDDEF_H 1
| #define HAVE_STDLIB_H 1
| #define HAVE_STDINT_H 1
| #define HAVE_STRING_H 1
| #define HAVE_STRINGS_H 1
| #define HAVE_SYS_IOCTL_H 1
| #define HAVE_SYS_IPC_H 1
| #define HAVE_SYS_PARAM_H 1
| #define HAVE_SYS_SHM_H 1
| #define HAVE_SYS_SOCKET_H 1
| #define HAVE_SYS_SOUNDCARD_H 1
| #define HAVE_SYS_PARAM_H 1
| #define HAVE_SYS_TIME_H 1
| #define HAVE_SYS_TYPES_H 1
| #define HAVE_SYS_STAT_H 1
| #define HAVE_TERMIOS_H 1
| #define HAVE_X11_XLIB_H 1
| #define HAVE_UNISTD_H 1
| #define HAVE_STRINGIZE 1
| #define PROTOTYPES 1
| #define __PROTOTYPES 1
| #define HAVE_SSIZE_T 1
| #define HAVE_UNISTD_H 1
| #define HAVE_FORK 1
| #define HAVE_VFORK 1
| #define HAVE_WORKING_VFORK 1
| #define HAVE_STDLIB_H 1
| #define HAVE_UNISTD_H 1
| #define HAVE_GETPAGESIZE 1
| #define HAVE_MMAP 1
| #define RETSIGTYPE void
| #define HAVE_VPRINTF 1
| #define HAVE_ALARM 1
| #define HAVE_DUP2 1
| #define HAVE_FLOOR 1
| #define HAVE_GETCWD 1
| #define HAVE_GETHOSTBYNAME 1
| #define HAVE_GETOPT 1
| #define HAVE_GETTIMEOFDAY 1
| #define HAVE_GETWD 1
| #define HAVE_ISATTY 1
| #define HAVE_MEMCHR 1
| #define HAVE_MEMMOVE 1
| #define HAVE_MEMSET 1
| #define HAVE_MKSTEMP 1
| #define HAVE_MODF 1
| #define HAVE_MUNMAP 1
| #define HAVE_POPEN 1
| #define HAVE_POW 1
| #define HAVE_SELECT 1
| #define HAVE_SIGNAL 1
| #define HAVE_SOCKET 1
| #define HAVE_SLEEP 1
| #define HAVE_VSNPRINTF 1
| #define HAVE_SNPRINTF 1
| #define HAVE_SQRT 1
| #define HAVE_STRCHR 1
| #define HAVE_STRDUP 1
| #define HAVE_STRSTR 1
| #define HAVE_STRERROR 1
| #define HAVE_STRCASECMP 1
| #define HAVE_STRNCASECMP 1
| #define HAVE_STRRCHR 1
| #define HAVE_STRSTR 1
| #define HAVE_STRTOL 1
| #define HAVE_STRLCAT 1
| #define HAVE_STRLCPY 1
| #define HAVE_USLEEP 1
| #define HAVE_GETOPT_LONG 1
| #define HAVE_OPEN_MEMSTREAM 1
| /* end confdefs.h.  */
| 
| 	#include <stdarg.h>
| 	void f (int i, ...) {
| 	va_list args1, args2;
| 	va_start (args1, i);
| 	args2 = args1;
| 	if (va_arg (args2, int) != 42 || va_arg (args1, int) != 42)
| 	  exit (1);
| 	va_end (args1); va_end (args2);
| 	}
| 	int main() {
| 	  f (0, 42);
| 	  return 0;
| 	}
configure:12192: result: no
configure:12651: checking enable_audio=oss
configure:12657: result: yes - <sys/soundcard.h>
configure:12677: checking for open in -lossaudio
configure:12707: gcc -o conftest -O2 -I/home/aleksandar_yanev/.local/include  -L/home/aleksandar_yanev/.local/lib  conftest.c -lossaudio  -lm  >&5
/usr/bin/ld: cannot find -lossaudio: No such file or directory
collect2: error: ld returned 1 exit status
configure:12713: $? = 1
configure: failed program was:
| /* confdefs.h.  */
| 
| #define PACKAGE_NAME "TiMidity++"
| #define PACKAGE_TARNAME "TiMidity++"
| #define PACKAGE_VERSION "2.15.0"
| #define PACKAGE_STRING "TiMidity++ 2.15.0"
| #define PACKAGE_BUGREPORT "timidity-talk@lists.sourceforge.net"
| #define PACKAGE "TiMidity++"
| #define VERSION "2.15.0"
| #define NDEBUG 1
| #define DEFAULT_PATH "/home/aleksandar_yanev/.local/share/timidity"
| #define PKGDATADIR DEFAULT_PATH
| #define PKGLIBDIR "/home/aleksandar_yanev/.local/lib/timidity"
| #define HAVE_LIBM 1
| #define HAVE_GETHOSTBYNAME 1
| #define X_DISPLAY_MISSING 1
| #define HAVE_SYS_WAIT_H 1
| #define TIME_WITH_SYS_TIME 1
| #define HAVE_DIRENT_H 1
| #define HAVE_ARPA_INET_H 1
| #define HAVE_ERRNO_H 1
| #define HAVE_GETOPT_H 1
| #define HAVE_GLOB_H 1
| #define HAVE_DLFCN_H 1
| #define HAVE_FCNTL_H 1
| #define HAVE_INTTYPES_H 1
| #define HAVE_LIMITS_H 1
| #define HAVE_MALLOC_H 1
| #define HAVE_MEMORY_H 1
| #define HAVE_NETDB_H 1
| #define HAVE_NETINET_IN_H 1
| #define HAVE_STDDEF_H 1
| #define HAVE_STDLIB_H 1
| #define HAVE_STDINT_H 1
| #define HAVE_STRING_H 1
| #define HAVE_STRINGS_H 1
| #define HAVE_SYS_IOCTL_H 1
| #define HAVE_SYS_IPC_H 1
| #define HAVE_SYS_PARAM_H 1
| #define HAVE_SYS_SHM_H 1
| #define HAVE_SYS_SOCKET_H 1
| #define HAVE_SYS_SOUNDCARD_H 1
| #define HAVE_SYS_PARAM_H 1
| #define HAVE_SYS_TIME_H 1
| #define HAVE_SYS_TYPES_H 1
| #define HAVE_SYS_STAT_H 1
| #define HAVE_TERMIOS_H 1
| #define HAVE_X11_XLIB_H 1
| #define HAVE_UNISTD_H 1
| #define HAVE_STRINGIZE 1
| #define PROTOTYPES 1
| #define __PROTOTYPES 1
| #define HAVE_SSIZE_T 1
| #define HAVE_UNISTD_H 1
| #define HAVE_FORK 1
| #define HAVE_VFORK 1
| #define HAVE_WORKING_VFORK 1
| #define HAVE_STDLIB_H 1
| #define HAVE_UNISTD_H 1
| #define HAVE_GETPAGESIZE 1
| #define HAVE_MMAP 1
| #define RETSIGTYPE void
| #define HAVE_VPRINTF 1
| #define HAVE_ALARM 1
| #define HAVE_DUP2 1
| #define HAVE_FLOOR 1
| #define HAVE_GETCWD 1
| #define HAVE_GETHOSTBYNAME 1
| #define HAVE_GETOPT 1
| #define HAVE_GETTIMEOFDAY 1
| #define HAVE_GETWD 1
| #define HAVE_ISATTY 1
| #define HAVE_MEMCHR 1
| #define HAVE_MEMMOVE 1
| #define HAVE_MEMSET 1
| #define HAVE_MKSTEMP 1
| #define HAVE_MODF 1
| #define HAVE_MUNMAP 1
| #define HAVE_POPEN 1
| #define HAVE_POW 1
| #define HAVE_SELECT 1
| #define HAVE_SIGNAL 1
| #define HAVE_SOCKET 1
| #define HAVE_SLEEP 1
| #define HAVE_VSNPRINTF 1
| #define HAVE_SNPRINTF 1
| #define HAVE_SQRT 1
| #define HAVE_STRCHR 1
| #define HAVE_STRDUP 1
| #define HAVE_STRSTR 1
| #define HAVE_STRERROR 1
| #define HAVE_STRCASECMP 1
| #define HAVE_STRNCASECMP 1
| #define HAVE_STRRCHR 1
| #define HAVE_STRSTR 1
| #define HAVE_STRTOL 1
| #define HAVE_STRLCAT 1
| #define HAVE_STRLCPY 1
| #define HAVE_USLEEP 1
| #define HAVE_GETOPT_LONG 1
| #define HAVE_OPEN_MEMSTREAM 1
| #define VA_COPY_AS_ARRAY 1
| /* end confdefs.h.  */
| 
| /* Override any gcc2 internal prototype to avoid an error.  */
| #ifdef __cplusplus
| extern "C"
| #endif
| /* We use char because int might match the return type of a gcc2
|    builtin and then its argument prototype would still apply.  */
| char open ();
| int
| main ()
| {
| open ();
|   ;
|   return 0;
| }
configure:12739: result: no
configure:12763: checking enable_audio=sun
configure:12794: result: no
configure:12798: checking enable_audio=hpux
configure:12810: result: no
configure:12814: checking enable_audio=irix
configure:12834: result: no
configure:12838: checking enable_audio=mme
configure:12852: result: no
configure:12856: checking enable_audio=sb_dsp
configure:12868: result: no
configure:12872: checking enable_audio=w32
configure:12897: result: no
configure:12901: checking enable_audio=darwin
configure:12917: result: no
configure:12922: checking enable_audio=alsa
configure:13397: result: no
configure:13401: checking enable_audio=alib
configure:13420: result: no
configure:13424: checking enable_audio=nas
configure:13529: result: no
configure:13533: checking enable_audio=arts
configure:13662: result: no
configure:13666: checking enable_audio=esd
configure:14002: result: no
configure:14006: checking enable_audio=portaudio
configure:14021: result: no
configure:14025: checking enable_audio=npipe
configure:14033: result: no
configure:14038: checking enable_audio=jack
configure:14047: result: no
configure:14051: checking enable_audio=ao
configure:14449: result: no
configure:14453: checking enable_audio=vorbis
configure:15031: result: no
configure:15335: checking enable_audio=flac
configure:15754: result: no
configure:15758: checking enable_audio=speex
configure:15825: result: no
configure:15829: checking enable_audio=gogo
configure:15986: result: no
configure:15994: checking default output mode
configure:16028: result: default/d
configure:21682: creating ./config.status

## ---------------------- ##
## Running config.status. ##
## ---------------------- ##

This file was extended by TiMidity++ config.status 2.15.0, which was
generated by GNU Autoconf 2.59.  Invocation command line was

  CONFIG_FILES    = 
  CONFIG_HEADERS  = 
  CONFIG_LINKS    = 
  CONFIG_COMMANDS = 
  $ ./config.status 

on hala

config.status:859: creating Makefile
config.status:859: creating autoconf/Makefile
config.status:859: creating common.makefile
config.status:859: creating configs/Makefile
config.status:859: creating doc/Makefile
config.status:859: creating doc/C/Makefile
config.status:859: creating doc/ja_JP.eucJP/Makefile
config.status:859: creating interface/Makefile
config.status:859: creating interface/motif_bitmaps/Makefile
config.status:859: creating interface/bitmaps/Makefile
config.status:859: creating interface/pixmaps/Makefile
config.status:859: creating libarc/Makefile
config.status:859: creating libunimod/Makefile
config.status:859: creating timidity/Makefile
config.status:859: creating windrv/Makefile
config.status:859: creating utils/Makefile
config.status:859: creating script/Makefile
config.status:963: creating config.h
config.status:1273: config.h is unchanged
config.status:963: creating interface.h
config.status:1273: interface.h is unchanged
config.status:1453: executing depfiles commands

## ---------------- ##
## Cache variables. ##
## ---------------- ##

ac_cv_build=x86_64-unknown-linux-gnu
ac_cv_build_alias=x86_64-unknown-linux-gnu
ac_cv_c_bigendian=no
ac_cv_c_char_unsigned=no
ac_cv_c_compiler_gnu=yes
ac_cv_c_const=yes
ac_cv_c_inline=inline
ac_cv_c_stringize=yes
ac_cv_c_volatile=yes
ac_cv_env_CC_set=
ac_cv_env_CC_value=
ac_cv_env_CFLAGS_set=
ac_cv_env_CFLAGS_value=
ac_cv_env_CPPFLAGS_set=
ac_cv_env_CPPFLAGS_value=
ac_cv_env_CPP_set=
ac_cv_env_CPP_value=
ac_cv_env_LDFLAGS_set=
ac_cv_env_LDFLAGS_value=
ac_cv_env_build_alias_set=
ac_cv_env_build_alias_value=
ac_cv_env_host_alias_set=
ac_cv_env_host_alias_value=
ac_cv_env_target_alias_set=
ac_cv_env_target_alias_value=
ac_cv_exeext=
ac_cv_func__doprnt=no
ac_cv_func_alarm=yes
ac_cv_func_dup2=yes
ac_cv_func_floor=yes
ac_cv_func_fork=yes
ac_cv_func_fork_works=no
ac_cv_func_getcwd=yes
ac_cv_func_gethostbyname=yes
ac_cv_func_getopt=yes
ac_cv_func_getopt_long=yes
ac_cv_func_getpagesize=yes
ac_cv_func_gettimeofday=yes
ac_cv_func_getwd=yes
ac_cv_func_isatty=yes
ac_cv_func_memchr=yes
ac_cv_func_memcmp_working=yes
ac_cv_func_memmove=yes
ac_cv_func_memset=yes
ac_cv_func_mkstemp=yes
ac_cv_func_mmap_fixed_mapped=yes
ac_cv_func_modf=yes
ac_cv_func_munmap=yes
ac_cv_func_open_memstream=yes
ac_cv_func_popen=yes
ac_cv_func_pow=yes
ac_cv_func_select=yes
ac_cv_func_setvbuf_reversed=no
ac_cv_func_signal=yes
ac_cv_func_sleep=yes
ac_cv_func_snprintf=yes
ac_cv_func_socket=yes
ac_cv_func_sqrt=yes
ac_cv_func_strcasecmp=yes
ac_cv_func_strchr=yes
ac_cv_func_strdup=yes
ac_cv_func_strerror=yes
ac_cv_func_strlcat=yes
ac_cv_func_strlcpy=yes
ac_cv_func_strncasecmp=yes
ac_cv_func_strrchr=yes
ac_cv_func_strstr=yes
ac_cv_func_strtol=yes
ac_cv_func_usleep=yes
ac_cv_func_vfork=yes
ac_cv_func_vfork_works=yes
ac_cv_func_vprintf=yes
ac_cv_func_vsnprintf=yes
ac_cv_have_x=have_x=no
ac_cv_header_X11_Xlib_h=yes
ac_cv_header_X11_Xmu_ExtAgent_h=no
ac_cv_header_X11_extensions_XShm_h=no
ac_cv_header_alsa_asoundlib_h=no
ac_cv_header_arpa_inet_h=yes
ac_cv_header_dirent_dirent_h=yes
ac_cv_header_dlfcn_h=yes
ac_cv_header_errno_h=yes
ac_cv_header_fcntl_h=yes
ac_cv_header_getopt_h=yes
ac_cv_header_glob_h=yes
ac_cv_header_inttypes_h=yes
ac_cv_header_limits_h=yes
ac_cv_header_machine_endian_h=no
ac_cv_header_malloc_h=yes
ac_cv_header_memory_h=yes
ac_cv_header_netdb_h=yes
ac_cv_header_netinet_in_h=yes
ac_cv_header_nlist_h=no
ac_cv_header_soundcard_h=no
ac_cv_header_stdc=no
ac_cv_header_stddef_h=yes
ac_cv_header_stdint_h=yes
ac_cv_header_stdlib_h=yes
ac_cv_header_string_h=yes
ac_cv_header_strings_h=yes
ac_cv_header_stropts_h=no
ac_cv_header_sys_asoundlib_h=no
ac_cv_header_sys_audioio_h=no
ac_cv_header_sys_awe_voice_h=no
ac_cv_header_sys_ioctl_h=yes
ac_cv_header_sys_ipc_h=yes
ac_cv_header_sys_param_h=yes
ac_cv_header_sys_shm_h=yes
ac_cv_header_sys_socket_h=yes
ac_cv_header_sys_soundcard_h=yes
ac_cv_header_sys_stat_h=yes
ac_cv_header_sys_sysctl_h=no
ac_cv_header_sys_time_h=yes
ac_cv_header_sys_types_h=yes
ac_cv_header_sys_wait_h=yes
ac_cv_header_termios_h=yes
ac_cv_header_time=yes
ac_cv_header_unistd_h=yes
ac_cv_header_vfork_h=no
ac_cv_host=x86_64-unknown-linux-gnu
ac_cv_host_alias=x86_64-unknown-linux-gnu
ac_cv_lib_dl_dlopen=yes
ac_cv_lib_error_at_line=no
ac_cv_lib_m_sqrt=yes
ac_cv_lib_objc_NSLinkModule=no
ac_cv_lib_ossaudio_open=no
ac_cv_lib_socket_socket=no
ac_cv_lib_xpg4_setlocale=no
ac_cv_objext=o
ac_cv_path_install='/usr/bin/install -c'
ac_cv_prog_AWK=mawk
ac_cv_prog_CPP='gcc -E'
ac_cv_prog_ac_ct_CC=gcc
ac_cv_prog_ac_ct_RANLIB=ranlib
ac_cv_prog_cc_g=yes
ac_cv_prog_cc_stdc=
ac_cv_prog_egrep='grep -E'
ac_cv_prog_gcc_traditional=no
ac_cv_prog_make_make_set=yes
ac_cv_search_opendir='none required'
ac_cv_struct_tm=time.h
ac_cv_target=x86_64-unknown-linux-gnu
ac_cv_target_alias=x86_64-unknown-linux-gnu
ac_cv_type_off_t=yes
ac_cv_type_pid_t=yes
ac_cv_type_signal=void
ac_cv_type_size_t=yes
ac_cv_type_ssize_t=yes
am_cv_CC_dependencies_compiler_type=gcc3
lib_cv___va_copy=no
lib_cv_va_copy=no
lib_cv_va_val_copy=no
timidity_cv_ccoption_rdynamic=yes
timidity_cv_debug=no
timidity_cv_type_union_semun=no
timidity_cv_type_volatile=yes
tm_cv_needgetopt=no

## ----------------- ##
## Output variables. ##
## ----------------- ##

ACLOCAL='${SHELL} /home/aleksandar_yanev/hackaton/yellow-note-book/TiMidity++-2.15.0/autoconf/missing --run aclocal-1.7'
ALSA_CFLAGS=''
ALSA_LIBS=''
AMDEPBACKSLASH='\'
AMDEP_FALSE='#'
AMDEP_TRUE=''
AMTAR='${SHELL} /home/aleksandar_yanev/hackaton/yellow-note-book/TiMidity++-2.15.0/autoconf/missing --run tar'
AO_CFLAGS=''
AO_LIBS=''
ARTSCCONFIG=''
ARTSINCL=''
ARTSLIBS=''
AUTOCONF='${SHELL} /home/aleksandar_yanev/hackaton/yellow-note-book/TiMidity++-2.15.0/autoconf/missing --run autoconf'
AUTOHEADER='${SHELL} /home/aleksandar_yanev/hackaton/yellow-note-book/TiMidity++-2.15.0/autoconf/missing --run autoheader'
AUTOMAKE='${SHELL} /home/aleksandar_yanev/hackaton/yellow-note-book/TiMidity++-2.15.0/autoconf/missing --run automake-1.7'
AWK='mawk'
A_so_libs=''
BORLANDC_FALSE=''
BORLANDC_LDFLAGS=''
BORLANDC_START=''
BORLANDC_TRUE='#'
CC='gcc'
CCDEPMODE='depmode=gcc3'
CFLAGS=' -O2'
CPP='gcc -E'
CPPFLAGS=' -I/home/aleksandar_yanev/.local/include -DAU_OSS'
CYGPATH_W='echo'
DEFS='-DHAVE_CONFIG_H'
DEPDIR='.deps'
DMC_FALSE=''
DMC_LDFLAGS=''
DMC_TRUE='#'
ECHO_C=''
ECHO_N='-n'
ECHO_T=''
EGREP='grep -E'
ELFILES=''
EMACS='no'
ENABLE_ALSASEQ_FALSE=''
ENABLE_ALSASEQ_TRUE='#'
ENABLE_DYNAMIC_TCLTK_FALSE=''
ENABLE_DYNAMIC_TCLTK_TRUE='#'
ENABLE_DYNAMIC_XAW_FALSE=''
ENABLE_DYNAMIC_XAW_TRUE='#'
ENABLE_EMACS_FALSE=''
ENABLE_EMACS_TRUE='#'
ENABLE_GTK_FALSE=''
ENABLE_GTK_TRUE='#'
ENABLE_MOTIF_FALSE=''
ENABLE_MOTIF_TRUE='#'
ENABLE_NCURSES_FALSE=''
ENABLE_NCURSES_TRUE='#'
ENABLE_NETWORK_FALSE=''
ENABLE_NETWORK_TRUE='#'
ENABLE_NPSYN_FALSE=''
ENABLE_NPSYN_TRUE='#'
ENABLE_PLUGIN_FALSE=''
ENABLE_PLUGIN_TRUE='#'
ENABLE_PORTMIDISYN_FALSE=''
ENABLE_PORTMIDISYN_TRUE='#'
ENABLE_SERVER_FALSE=''
ENABLE_SERVER_TRUE='#'
ENABLE_SLANG_FALSE=''
ENABLE_SLANG_TRUE='#'
ENABLE_SOUND_SPEC_FALSE=''
ENABLE_SOUND_SPEC_TRUE='#'
ENABLE_TCLTK_FALSE=''
ENABLE_TCLTK_TRUE='#'
ENABLE_VT100_FALSE=''
ENABLE_VT100_TRUE='#'
ENABLE_W32GUI_FALSE=''
ENABLE_W32GUI_TRUE='#'
ENABLE_W32G_SYN_FALSE=''
ENABLE_W32G_SYN_TRUE='#'
ENABLE_WINSYN_FALSE=''
ENABLE_WINSYN_TRUE='#'
ENABLE_WRD_FALSE=''
ENABLE_WRD_TRUE='#'
ENABLE_XAW_FALSE=''
ENABLE_XAW_TRUE='#'
ENABLE_XDND_FALSE=''
ENABLE_XDND_TRUE='#'
ENABLE_XSKIN_FALSE=''
ENABLE_XSKIN_TRUE='#'
ESD_CFLAGS=''
ESD_CONFIG=''
ESD_LIBS=''
EXEEXT=''
EXTRALIBS=''
GTK_CFLAGS=''
GTK_CONFIG=''
GTK_LIBS=''
INSTALL_DATA='${INSTALL} -m 644'
INSTALL_PROGRAM='${INSTALL}'
INSTALL_SCRIPT='${INSTALL}'
INSTALL_STRIP_PROGRAM='${SHELL} $(install_sh) -c -s'
INTERFACE_SRCS=''
LDFLAGS=' -L/home/aleksandar_yanev/.local/lib'
LIBFLAC_CFLAGS=''
LIBFLAC_LIBS=''
LIBOBJS=' error$U.o'
LIBOGGFLAC_CFLAGS=''
LIBOGGFLAC_LIBS=''
LIBS='-lm  -ldl     '
LN_S='ln -s'
LTLIBOBJS=' error$U.lo'
MAINT='#'
MAINTAINER_MODE_FALSE=''
MAINTAINER_MODE_TRUE='#'
MAKEINFO='${SHELL} /home/aleksandar_yanev/hackaton/yellow-note-book/TiMidity++-2.15.0/autoconf/missing --run makeinfo'
MINGWGCC_FALSE=''
MINGWGCC_TRUE='#'
MSYS_FALSE=''
MSYS_TRUE='#'
NEEDDLOPEN_FALSE=''
NEEDDLOPEN_TRUE='#'
NEEDGETOPT_FALSE=''
NEEDGETOPT_TRUE='#'
NETSRCS=''
OBJEXT='o'
OGG_CFLAGS=''
OGG_LIBS=''
PACKAGE='TiMidity++'
PACKAGE_BUGREPORT='timidity-talk@lists.sourceforge.net'
PACKAGE_NAME='TiMidity++'
PACKAGE_STRING='TiMidity++ 2.15.0'
PACKAGE_TARNAME='TiMidity++'
PACKAGE_VERSION='2.15.0'
PATH_SEPARATOR=':'
PKG_CONFIG=''
POCC_FALSE=''
POCC_LDFLAGS=''
POCC_TRUE='#'
P_so_libs=''
RANLIB='ranlib'
SET_MAKE=''
SHCFLAGS=' -fPIC'
SHELL='/bin/bash'
SHLD='gcc -shared  -L/home/aleksandar_yanev/.local/lib'
STRIP=''
SYSEXTRAS=' oss_a.c'
TCLSH='tclsh'
T_so_libs=''
VCPP_FALSE=''
VCPP_LDFLAGS=''
VCPP_TRUE='#'
VERSION='2.15.0'
VORBISENC_LIBS=''
VORBISFILE_LIBS=''
VORBIS_CFLAGS=''
VORBIS_LIBS=''
W32G_GUI_FALSE=''
W32G_GUI_TRUE='#'
W32READDIR_FALSE=''
W32READDIR_TRUE='#'
WATCOM_C_FALSE=''
WATCOM_C_TRUE='#'
WATCOM_LDFLAGS=''
WINDRV_FALSE=''
WINDRV_TRUE='#'
W_so_libs=''
XAW_INSTALL_RESOURCE_FILES_FALSE=''
XAW_INSTALL_RESOURCE_FILES_TRUE='#'
X_CFLAGS=''
X_EXTRA_LIBS=''
X_LIBS=''
X_PRE_LIBS=''
a_so_libs=''
ac_ct_CC='gcc'
ac_ct_RANLIB='ranlib'
ac_ct_STRIP=''
am__fastdepCC_FALSE='#'
am__fastdepCC_TRUE=''
am__include='include'
am__leading_dot='.'
am__quote=''
bindir='${exec_prefix}/bin'
build='x86_64-unknown-linux-gnu'
build_alias=''
build_cpu='x86_64'
build_os='linux-gnu'
build_vendor='unknown'
datadir='${prefix}/share'
dynamic_targets=''
e_so_libs=''
exec_prefix='${prefix}'
g_so_libs=''
host='x86_64-unknown-linux-gnu'
host_alias=''
host_cpu='x86_64'
host_os='linux-gnu'
host_vendor='unknown'
i_so_libs=''
includedir='${prefix}/include'
infodir='${prefix}/info'
install_sh='/home/aleksandar_yanev/hackaton/yellow-note-book/TiMidity++-2.15.0/autoconf/install-sh'
k_so_libs=''
libdir='${exec_prefix}/lib'
libexecdir='${exec_prefix}/libexec'
lispdir=''
localstatedir='${prefix}/var'
m_so_libs=''
mandir='${prefix}/man'
n_so_libs=''
oldincludedir='/usr/include'
p_so_libs=''
pkgdatadir='${prefix}/share/timidity'
pkglibdir='${prefix}/lib/timidity'
prefix='/home/aleksandar_yanev/.local'
program_transform_name='s,x,x,'
r_so_libs=''
s_so_libs=''
sbindir='${exec_prefix}/sbin'
sharedstatedir='${prefix}/com'
so='so'
sysconfdir='${prefix}/etc'
target='x86_64-unknown-linux-gnu'
target_alias=''
target_cpu='x86_64'
target_os='linux-gnu'
target_vendor='unknown'
tcltk_dep=''
timidity_LDFLAGS=''
w_so_libs=''
xawresdir=''

## ----------- ##
## confdefs.h. ##
## ----------- ##

#define DEFAULT_PATH "/home/aleksandar_yanev/.local/share/timidity"
#define HAVE_ALARM 1
#define HAVE_ARPA_INET_H 1
#define HAVE_DIRENT_H 1
#define HAVE_DLFCN_H 1
#define HAVE_DUP2 1
#define HAVE_ERRNO_H 1
#define HAVE_FCNTL_H 1
#define HAVE_FLOOR 1
#define HAVE_FORK 1
#define HAVE_GETCWD 1
#define HAVE_GETHOSTBYNAME 1
#define HAVE_GETHOSTBYNAME 1
#define HAVE_GETOPT 1
#define HAVE_GETOPT_H 1
#define HAVE_GETOPT_LONG 1
#define HAVE_GETPAGESIZE 1
#define HAVE_GETTIMEOFDAY 1
#define HAVE_GETWD 1
#define HAVE_GLOB_H 1
#define HAVE_INTTYPES_H 1
#define HAVE_ISATTY 1
#define HAVE_LIBM 1
#define HAVE_LIMITS_H 1
#define HAVE_MALLOC_H 1
#define HAVE_MEMCHR 1
#define HAVE_MEMMOVE 1
#define HAVE_MEMORY_H 1
#define HAVE_MEMSET 1
#define HAVE_MKSTEMP 1
#define HAVE_MMAP 1
#define HAVE_MODF 1
#define HAVE_MUNMAP 1
#define HAVE_NETDB_H 1
#define HAVE_NETINET_IN_H 1
#define HAVE_OPEN_MEMSTREAM 1
#define HAVE_POPEN 1
#define HAVE_POW 1
#define HAVE_SELECT 1
#define HAVE_SIGNAL 1
#define HAVE_SLEEP 1
#define HAVE_SNPRINTF 1
#define HAVE_SOCKET 1
#define HAVE_SQRT 1
#define HAVE_SSIZE_T 1
#define HAVE_STDDEF_H 1
#define HAVE_STDINT_H 1
#define HAVE_STDLIB_H 1
#define HAVE_STDLIB_H 1
#define HAVE_STRCASECMP 1
#define HAVE_STRCHR 1
#define HAVE_STRDUP 1
#define HAVE_STRERROR 1
#define HAVE_STRINGIZE 1
#define HAVE_STRINGS_H 1
#define HAVE_STRING_H 1
#define HAVE_STRLCAT 1
#define HAVE_STRLCPY 1
#define HAVE_STRNCASECMP 1
#define HAVE_STRRCHR 1
#define HAVE_STRSTR 1
#define HAVE_STRSTR 1
#define HAVE_STRTOL 1
#define HAVE_SYS_IOCTL_H 1
#define HAVE_SYS_IPC_H 1
#define HAVE_SYS_PARAM_H 1
#define HAVE_SYS_PARAM_H 1
#define HAVE_SYS_SHM_H 1
#define HAVE_SYS_SOCKET_H 1
#define HAVE_SYS_SOUNDCARD_H 1
#define HAVE_SYS_STAT_H 1
#define HAVE_SYS_TIME_H 1
#define HAVE_SYS_TYPES_H 1
#define HAVE_SYS_WAIT_H 1
#define HAVE_TERMIOS_H 1
#define HAVE_UNISTD_H 1
#define HAVE_UNISTD_H 1
#define HAVE_UNISTD_H 1
#define HAVE_USLEEP 1
#define HAVE_VFORK 1
#define HAVE_VPRINTF 1
#define HAVE_VSNPRINTF 1
#define HAVE_WORKING_VFORK 1
#define HAVE_X11_XLIB_H 1
#define NDEBUG 1
#define PACKAGE "TiMidity++"
#define PACKAGE_BUGREPORT "timidity-talk@lists.sourceforge.net"
#define PACKAGE_NAME "TiMidity++"
#define PACKAGE_STRING "TiMidity++ 2.15.0"
#define PACKAGE_TARNAME "TiMidity++"
#define PACKAGE_VERSION "2.15.0"
#define PKGDATADIR DEFAULT_PATH
#define PKGLIBDIR "/home/aleksandar_yanev/.local/lib/timidity"
#define PROTOTYPES 1
#define RETSIGTYPE void
#define TIME_WITH_SYS_TIME 1
#define TIMIDITY_OUTPUT_ID "d"
#define VA_COPY_AS_ARRAY 1
#define VERSION "2.15.0"
#define X_DISPLAY_MISSING 1
#define __PROTOTYPES 1

configure: exit 0
